2022-06-10 00:42:57.639 [main] INFO  com.example.springdemo.SpringDemoApplication:  Starting SpringDemoApplication using Java 1.8.0_131 on localhost with PID 7684 (/Users/raoqingjia/WebstormProjects/project_private/spring-demo/target/classes started by raoqingjia in /Users/raoqingjia/WebstormProjects/project_private/spring-demo)
2022-06-10 00:42:57.643 [main] INFO  com.example.springdemo.SpringDemoApplication:  No active profile set, falling back to 1 default profile: "default"
2022-06-10 00:42:58.332 [main] INFO  o.s.d.r.config.RepositoryConfigurationDelegate:  Multiple Spring Data modules found, entering strict repository configuration mode!
2022-06-10 00:42:58.333 [main] INFO  o.s.d.r.config.RepositoryConfigurationDelegate:  Bootstrapping Spring Data MongoDB repositories in DEFAULT mode.
2022-06-10 00:42:58.343 [main] INFO  o.s.d.r.config.RepositoryConfigurationDelegate:  Finished Spring Data repository scanning in 5 ms. Found 0 MongoDB repository interfaces.
2022-06-10 00:42:58.355 [main] INFO  o.s.d.r.config.RepositoryConfigurationDelegate:  Multiple Spring Data modules found, entering strict repository configuration mode!
2022-06-10 00:42:58.356 [main] INFO  o.s.d.r.config.RepositoryConfigurationDelegate:  Bootstrapping Spring Data Redis repositories in DEFAULT mode.
2022-06-10 00:42:58.366 [main] INFO  o.s.d.r.config.RepositoryConfigurationDelegate:  Finished Spring Data repository scanning in 2 ms. Found 0 Redis repository interfaces.
2022-06-10 00:42:58.459 [main] WARN  org.mybatis.spring.mapper.ClassPathMapperScanner:  No MyBatis mapper was found in '[com.example.springdemo]' package. Please check your configuration.
2022-06-10 00:42:58.791 [main] INFO  o.s.boot.web.embedded.tomcat.TomcatWebServer:  Tomcat initialized with port(s): 8081 (http)
2022-06-10 00:42:58.799 [main] INFO  org.apache.coyote.http11.Http11NioProtocol:  Initializing ProtocolHandler ["http-nio-8081"]
2022-06-10 00:42:58.799 [main] INFO  org.apache.catalina.core.StandardService:  Starting service [Tomcat]
2022-06-10 00:42:58.800 [main] INFO  org.apache.catalina.core.StandardEngine:  Starting Servlet engine: [Apache Tomcat/9.0.58]
2022-06-10 00:42:58.854 [main] INFO  o.a.c.core.ContainerBase.[Tomcat].[localhost].[/]:  Initializing Spring embedded WebApplicationContext
2022-06-10 00:42:58.854 [main] INFO  o.s.b.w.s.c.ServletWebServerApplicationContext:  Root WebApplicationContext: initialization completed in 1175 ms
2022-06-10 00:42:58.974 [main] INFO  org.mongodb.driver.cluster:  Cluster created with settings {hosts=[10.248.50.224:27017], mode=SINGLE, requiredClusterType=UNKNOWN, serverSelectionTimeout='30000 ms'}
2022-06-10 00:42:59.144 [cluster-ClusterId{value='62a223120ea21656051db3d7', description='null'}-10.248.50.224:27017] INFO  org.mongodb.driver.connection:  Opened connection [connectionId{localValue:2, serverValue:4251}] to 10.248.50.224:27017
2022-06-10 00:42:59.144 [cluster-rtt-ClusterId{value='62a223120ea21656051db3d7', description='null'}-10.248.50.224:27017] INFO  org.mongodb.driver.connection:  Opened connection [connectionId{localValue:1, serverValue:4252}] to 10.248.50.224:27017
2022-06-10 00:42:59.145 [cluster-ClusterId{value='62a223120ea21656051db3d7', description='null'}-10.248.50.224:27017] INFO  org.mongodb.driver.cluster:  Monitor thread successfully connected to server with description ServerDescription{address=10.248.50.224:27017, type=STANDALONE, state=CONNECTED, ok=true, minWireVersion=0, maxWireVersion=9, maxDocumentSize=16777216, logicalSessionTimeoutMinutes=30, roundTripTimeNanos=134107477}
2022-06-10 00:42:59.297 [main] INFO  com.example.springdemo.config.RedisSentinelConfig:  sentinel master: [crm]
2022-06-10 00:42:59.298 [main] INFO  com.example.springdemo.config.RedisSentinelConfig:  10.248.50.223:13001
2022-06-10 00:42:59.298 [main] INFO  com.example.springdemo.config.RedisSentinelConfig:  10.248.50.224:13002
2022-06-10 00:42:59.302 [main] INFO  com.example.springdemo.config.RedisSentinelConfig:  LettuceConnectionFactorySentinel bean created
2022-06-10 00:42:59.493 [main] INFO  com.example.springdemo.config.RedisSentinelConfig:  StringRedisTemplateSentinel bean created
2022-06-10 00:42:59.499 [main] WARN  o.s.b.w.s.c.AnnotationConfigServletWebServerApplicationContext:  Exception encountered during context initialization - cancelling refresh attempt: org.springframework.beans.factory.UnsatisfiedDependencyException: Error creating bean with name 'shaprmController': Unsatisfied dependency expressed through field 'shaprmService'; nested exception is org.springframework.beans.factory.UnsatisfiedDependencyException: Error creating bean with name 'shaprmService': Unsatisfied dependency expressed through field 'locationMapper'; nested exception is org.springframework.beans.factory.NoSuchBeanDefinitionException: No qualifying bean of type 'com.example.springdemo.dao.shaprm.LocationMapper' available: expected at least 1 bean which qualifies as autowire candidate. Dependency annotations: {@org.springframework.beans.factory.annotation.Autowired(required=true)}
2022-06-10 00:42:59.621 [main] INFO  org.apache.catalina.core.StandardService:  Stopping service [Tomcat]
2022-06-10 00:42:59.639 [main] INFO  o.s.b.a.l.ConditionEvaluationReportLoggingListener:  

Error starting ApplicationContext. To display the conditions report re-run your application with 'debug' enabled.
2022-06-10 00:42:59.669 [main] ERROR o.s.b.diagnostics.LoggingFailureAnalysisReporter:  

***************************
APPLICATION FAILED TO START
***************************

Description:

Field locationMapper in com.example.springdemo.service.impl.ShaprmService required a bean of type 'com.example.springdemo.dao.shaprm.LocationMapper' that could not be found.

The injection point has the following annotations:
	- @org.springframework.beans.factory.annotation.Autowired(required=true)


Action:

Consider defining a bean of type 'com.example.springdemo.dao.shaprm.LocationMapper' in your configuration.

2022-06-10 00:43:59.570 [main] INFO  com.example.springdemo.SpringDemoApplication:  Starting SpringDemoApplication using Java 1.8.0_131 on localhost with PID 7695 (/Users/raoqingjia/WebstormProjects/project_private/spring-demo/target/classes started by raoqingjia in /Users/raoqingjia/WebstormProjects/project_private/spring-demo)
2022-06-10 00:43:59.573 [main] INFO  com.example.springdemo.SpringDemoApplication:  No active profile set, falling back to 1 default profile: "default"
2022-06-10 00:44:00.180 [main] INFO  o.s.d.r.config.RepositoryConfigurationDelegate:  Multiple Spring Data modules found, entering strict repository configuration mode!
2022-06-10 00:44:00.180 [main] INFO  o.s.d.r.config.RepositoryConfigurationDelegate:  Bootstrapping Spring Data MongoDB repositories in DEFAULT mode.
2022-06-10 00:44:00.189 [main] INFO  o.s.d.r.config.RepositoryConfigurationDelegate:  Finished Spring Data repository scanning in 5 ms. Found 0 MongoDB repository interfaces.
2022-06-10 00:44:00.200 [main] INFO  o.s.d.r.config.RepositoryConfigurationDelegate:  Multiple Spring Data modules found, entering strict repository configuration mode!
2022-06-10 00:44:00.201 [main] INFO  o.s.d.r.config.RepositoryConfigurationDelegate:  Bootstrapping Spring Data Redis repositories in DEFAULT mode.
2022-06-10 00:44:00.212 [main] INFO  o.s.d.r.config.RepositoryConfigurationDelegate:  Finished Spring Data repository scanning in 2 ms. Found 0 Redis repository interfaces.
2022-06-10 00:44:00.301 [main] WARN  org.mybatis.spring.mapper.ClassPathMapperScanner:  No MyBatis mapper was found in '[com.example.springdemo]' package. Please check your configuration.
2022-06-10 00:44:00.640 [main] INFO  o.s.boot.web.embedded.tomcat.TomcatWebServer:  Tomcat initialized with port(s): 8081 (http)
2022-06-10 00:44:00.649 [main] INFO  org.apache.coyote.http11.Http11NioProtocol:  Initializing ProtocolHandler ["http-nio-8081"]
2022-06-10 00:44:00.649 [main] INFO  org.apache.catalina.core.StandardService:  Starting service [Tomcat]
2022-06-10 00:44:00.649 [main] INFO  org.apache.catalina.core.StandardEngine:  Starting Servlet engine: [Apache Tomcat/9.0.58]
2022-06-10 00:44:00.706 [main] INFO  o.a.c.core.ContainerBase.[Tomcat].[localhost].[/]:  Initializing Spring embedded WebApplicationContext
2022-06-10 00:44:00.706 [main] INFO  o.s.b.w.s.c.ServletWebServerApplicationContext:  Root WebApplicationContext: initialization completed in 1095 ms
2022-06-10 00:44:00.819 [main] INFO  org.mongodb.driver.cluster:  Cluster created with settings {hosts=[10.248.50.224:27017], mode=SINGLE, requiredClusterType=UNKNOWN, serverSelectionTimeout='30000 ms'}
2022-06-10 00:44:00.974 [cluster-ClusterId{value='62a223502bb0dd174ef694d9', description='null'}-10.248.50.224:27017] INFO  org.mongodb.driver.connection:  Opened connection [connectionId{localValue:1, serverValue:4253}] to 10.248.50.224:27017
2022-06-10 00:44:00.974 [cluster-rtt-ClusterId{value='62a223502bb0dd174ef694d9', description='null'}-10.248.50.224:27017] INFO  org.mongodb.driver.connection:  Opened connection [connectionId{localValue:2, serverValue:4254}] to 10.248.50.224:27017
2022-06-10 00:44:00.974 [cluster-ClusterId{value='62a223502bb0dd174ef694d9', description='null'}-10.248.50.224:27017] INFO  org.mongodb.driver.cluster:  Monitor thread successfully connected to server with description ServerDescription{address=10.248.50.224:27017, type=STANDALONE, state=CONNECTED, ok=true, minWireVersion=0, maxWireVersion=9, maxDocumentSize=16777216, logicalSessionTimeoutMinutes=30, roundTripTimeNanos=54493775}
2022-06-10 00:44:01.133 [main] INFO  com.example.springdemo.config.RedisSentinelConfig:  sentinel master: [crm]
2022-06-10 00:44:01.134 [main] INFO  com.example.springdemo.config.RedisSentinelConfig:  10.248.50.223:13001
2022-06-10 00:44:01.134 [main] INFO  com.example.springdemo.config.RedisSentinelConfig:  10.248.50.224:13002
2022-06-10 00:44:01.137 [main] INFO  com.example.springdemo.config.RedisSentinelConfig:  LettuceConnectionFactorySentinel bean created
2022-06-10 00:44:01.323 [main] INFO  com.example.springdemo.config.RedisSentinelConfig:  StringRedisTemplateSentinel bean created
2022-06-10 00:44:01.329 [main] WARN  o.s.b.w.s.c.AnnotationConfigServletWebServerApplicationContext:  Exception encountered during context initialization - cancelling refresh attempt: org.springframework.beans.factory.UnsatisfiedDependencyException: Error creating bean with name 'shaprmController': Unsatisfied dependency expressed through field 'shaprmService'; nested exception is org.springframework.beans.factory.UnsatisfiedDependencyException: Error creating bean with name 'shaprmService': Unsatisfied dependency expressed through field 'locationMapper'; nested exception is org.springframework.beans.factory.NoSuchBeanDefinitionException: No qualifying bean of type 'com.example.springdemo.dao.shaprm.LocationMapper' available: expected at least 1 bean which qualifies as autowire candidate. Dependency annotations: {@org.springframework.beans.factory.annotation.Autowired(required=true)}
2022-06-10 00:44:01.458 [main] INFO  org.apache.catalina.core.StandardService:  Stopping service [Tomcat]
2022-06-10 00:44:01.473 [main] INFO  o.s.b.a.l.ConditionEvaluationReportLoggingListener:  

Error starting ApplicationContext. To display the conditions report re-run your application with 'debug' enabled.
2022-06-10 00:44:01.489 [main] ERROR o.s.b.diagnostics.LoggingFailureAnalysisReporter:  

***************************
APPLICATION FAILED TO START
***************************

Description:

Field locationMapper in com.example.springdemo.service.impl.ShaprmService required a bean of type 'com.example.springdemo.dao.shaprm.LocationMapper' that could not be found.

The injection point has the following annotations:
	- @org.springframework.beans.factory.annotation.Autowired(required=true)


Action:

Consider defining a bean of type 'com.example.springdemo.dao.shaprm.LocationMapper' in your configuration.

2022-06-10 00:56:00.856 [main] INFO  com.example.springdemo.SpringDemoApplication:  Starting SpringDemoApplication using Java 1.8.0_131 on localhost with PID 7767 (/Users/raoqingjia/WebstormProjects/project_private/spring-demo/target/classes started by raoqingjia in /Users/raoqingjia/WebstormProjects/project_private/spring-demo)
2022-06-10 00:56:00.860 [main] INFO  com.example.springdemo.SpringDemoApplication:  No active profile set, falling back to 1 default profile: "default"
2022-06-10 00:56:01.502 [main] INFO  o.s.d.r.config.RepositoryConfigurationDelegate:  Multiple Spring Data modules found, entering strict repository configuration mode!
2022-06-10 00:56:01.503 [main] INFO  o.s.d.r.config.RepositoryConfigurationDelegate:  Bootstrapping Spring Data MongoDB repositories in DEFAULT mode.
2022-06-10 00:56:01.513 [main] INFO  o.s.d.r.config.RepositoryConfigurationDelegate:  Finished Spring Data repository scanning in 7 ms. Found 0 MongoDB repository interfaces.
2022-06-10 00:56:01.525 [main] INFO  o.s.d.r.config.RepositoryConfigurationDelegate:  Multiple Spring Data modules found, entering strict repository configuration mode!
2022-06-10 00:56:01.526 [main] INFO  o.s.d.r.config.RepositoryConfigurationDelegate:  Bootstrapping Spring Data Redis repositories in DEFAULT mode.
2022-06-10 00:56:01.537 [main] INFO  o.s.d.r.config.RepositoryConfigurationDelegate:  Finished Spring Data repository scanning in 2 ms. Found 0 Redis repository interfaces.
2022-06-10 00:56:01.989 [main] INFO  o.s.boot.web.embedded.tomcat.TomcatWebServer:  Tomcat initialized with port(s): 8081 (http)
2022-06-10 00:56:01.996 [main] INFO  org.apache.coyote.http11.Http11NioProtocol:  Initializing ProtocolHandler ["http-nio-8081"]
2022-06-10 00:56:01.997 [main] INFO  org.apache.catalina.core.StandardService:  Starting service [Tomcat]
2022-06-10 00:56:01.997 [main] INFO  org.apache.catalina.core.StandardEngine:  Starting Servlet engine: [Apache Tomcat/9.0.58]
2022-06-10 00:56:02.051 [main] INFO  o.a.c.core.ContainerBase.[Tomcat].[localhost].[/]:  Initializing Spring embedded WebApplicationContext
2022-06-10 00:56:02.051 [main] INFO  o.s.b.w.s.c.ServletWebServerApplicationContext:  Root WebApplicationContext: initialization completed in 1151 ms
2022-06-10 00:56:02.176 [main] INFO  org.mongodb.driver.cluster:  Cluster created with settings {hosts=[10.248.50.224:27017], mode=SINGLE, requiredClusterType=UNKNOWN, serverSelectionTimeout='30000 ms'}
2022-06-10 00:56:02.258 [cluster-rtt-ClusterId{value='62a22622db88045934d5e769', description='null'}-10.248.50.224:27017] INFO  org.mongodb.driver.connection:  Opened connection [connectionId{localValue:2, serverValue:4255}] to 10.248.50.224:27017
2022-06-10 00:56:02.258 [cluster-ClusterId{value='62a22622db88045934d5e769', description='null'}-10.248.50.224:27017] INFO  org.mongodb.driver.connection:  Opened connection [connectionId{localValue:1, serverValue:4256}] to 10.248.50.224:27017
2022-06-10 00:56:02.259 [cluster-ClusterId{value='62a22622db88045934d5e769', description='null'}-10.248.50.224:27017] INFO  org.mongodb.driver.cluster:  Monitor thread successfully connected to server with description ServerDescription{address=10.248.50.224:27017, type=STANDALONE, state=CONNECTED, ok=true, minWireVersion=0, maxWireVersion=9, maxDocumentSize=16777216, logicalSessionTimeoutMinutes=30, roundTripTimeNanos=48430785}
2022-06-10 00:56:02.479 [main] INFO  com.example.springdemo.config.RedisSentinelConfig:  sentinel master: [crm]
2022-06-10 00:56:02.480 [main] INFO  com.example.springdemo.config.RedisSentinelConfig:  10.248.50.223:13001
2022-06-10 00:56:02.480 [main] INFO  com.example.springdemo.config.RedisSentinelConfig:  10.248.50.224:13002
2022-06-10 00:56:02.484 [main] INFO  com.example.springdemo.config.RedisSentinelConfig:  LettuceConnectionFactorySentinel bean created
2022-06-10 00:56:02.673 [main] INFO  com.example.springdemo.config.RedisSentinelConfig:  StringRedisTemplateSentinel bean created
2022-06-10 00:56:02.684 [main] WARN  o.s.b.w.s.c.AnnotationConfigServletWebServerApplicationContext:  Exception encountered during context initialization - cancelling refresh attempt: org.springframework.beans.factory.UnsatisfiedDependencyException: Error creating bean with name 'shaprmController': Unsatisfied dependency expressed through field 'shaprmService'; nested exception is org.springframework.beans.factory.UnsatisfiedDependencyException: Error creating bean with name 'shaprmService': Unsatisfied dependency expressed through field 'locationMapper'; nested exception is org.springframework.beans.factory.BeanCreationException: Error creating bean with name 'locationMapper' defined in file [/Users/raoqingjia/WebstormProjects/project_private/spring-demo/target/classes/com/example/springdemo/dao/shaprm/LocationMapper.class]: Cannot resolve reference to bean 'SqlSessionFactoryMysql' while setting bean property 'sqlSessionFactory'; nested exception is org.springframework.beans.factory.UnsatisfiedDependencyException: Error creating bean with name 'SqlSessionFactoryMysql' defined in class path resource [com/example/springdemo/config/DatasourceConfigMysql.class]: Unsatisfied dependency expressed through method 'sqlSessionFactoryMysql' parameter 0; nested exception is org.springframework.beans.factory.NoSuchBeanDefinitionException: No qualifying bean of type 'javax.sql.DataSource' available: expected at least 1 bean which qualifies as autowire candidate. Dependency annotations: {@org.springframework.beans.factory.annotation.Qualifier(value=dataSourceMysql)}
2022-06-10 00:56:02.810 [main] INFO  org.apache.catalina.core.StandardService:  Stopping service [Tomcat]
2022-06-10 00:56:02.826 [main] INFO  o.s.b.a.l.ConditionEvaluationReportLoggingListener:  

Error starting ApplicationContext. To display the conditions report re-run your application with 'debug' enabled.
2022-06-10 00:56:02.862 [main] ERROR org.springframework.boot.SpringApplication:  Application run failed
org.springframework.beans.factory.UnsatisfiedDependencyException: Error creating bean with name 'shaprmController': Unsatisfied dependency expressed through field 'shaprmService'; nested exception is org.springframework.beans.factory.UnsatisfiedDependencyException: Error creating bean with name 'shaprmService': Unsatisfied dependency expressed through field 'locationMapper'; nested exception is org.springframework.beans.factory.BeanCreationException: Error creating bean with name 'locationMapper' defined in file [/Users/raoqingjia/WebstormProjects/project_private/spring-demo/target/classes/com/example/springdemo/dao/shaprm/LocationMapper.class]: Cannot resolve reference to bean 'SqlSessionFactoryMysql' while setting bean property 'sqlSessionFactory'; nested exception is org.springframework.beans.factory.UnsatisfiedDependencyException: Error creating bean with name 'SqlSessionFactoryMysql' defined in class path resource [com/example/springdemo/config/DatasourceConfigMysql.class]: Unsatisfied dependency expressed through method 'sqlSessionFactoryMysql' parameter 0; nested exception is org.springframework.beans.factory.NoSuchBeanDefinitionException: No qualifying bean of type 'javax.sql.DataSource' available: expected at least 1 bean which qualifies as autowire candidate. Dependency annotations: {@org.springframework.beans.factory.annotation.Qualifier(value=dataSourceMysql)}
	at org.springframework.beans.factory.annotation.AutowiredAnnotationBeanPostProcessor$AutowiredFieldElement.resolveFieldValue(AutowiredAnnotationBeanPostProcessor.java:659)
	at org.springframework.beans.factory.annotation.AutowiredAnnotationBeanPostProcessor$AutowiredFieldElement.inject(AutowiredAnnotationBeanPostProcessor.java:639)
	at org.springframework.beans.factory.annotation.InjectionMetadata.inject(InjectionMetadata.java:119)
	at org.springframework.beans.factory.annotation.AutowiredAnnotationBeanPostProcessor.postProcessProperties(AutowiredAnnotationBeanPostProcessor.java:399)
	at org.springframework.beans.factory.support.AbstractAutowireCapableBeanFactory.populateBean(AbstractAutowireCapableBeanFactory.java:1431)
	at org.springframework.beans.factory.support.AbstractAutowireCapableBeanFactory.doCreateBean(AbstractAutowireCapableBeanFactory.java:619)
	at org.springframework.beans.factory.support.AbstractAutowireCapableBeanFactory.createBean(AbstractAutowireCapableBeanFactory.java:542)
	at org.springframework.beans.factory.support.AbstractBeanFactory.lambda$doGetBean$0(AbstractBeanFactory.java:335)
	at org.springframework.beans.factory.support.DefaultSingletonBeanRegistry.getSingleton(DefaultSingletonBeanRegistry.java:234)
	at org.springframework.beans.factory.support.AbstractBeanFactory.doGetBean(AbstractBeanFactory.java:333)
	at org.springframework.beans.factory.support.AbstractBeanFactory.getBean(AbstractBeanFactory.java:208)
	at org.springframework.beans.factory.support.DefaultListableBeanFactory.preInstantiateSingletons(DefaultListableBeanFactory.java:953)
	at org.springframework.context.support.AbstractApplicationContext.finishBeanFactoryInitialization(AbstractApplicationContext.java:918)
	at org.springframework.context.support.AbstractApplicationContext.refresh(AbstractApplicationContext.java:583)
	at org.springframework.boot.web.servlet.context.ServletWebServerApplicationContext.refresh(ServletWebServerApplicationContext.java:145)
	at org.springframework.boot.SpringApplication.refresh(SpringApplication.java:740)
	at org.springframework.boot.SpringApplication.refreshContext(SpringApplication.java:415)
	at org.springframework.boot.SpringApplication.run(SpringApplication.java:303)
	at org.springframework.boot.SpringApplication.run(SpringApplication.java:1312)
	at org.springframework.boot.SpringApplication.run(SpringApplication.java:1301)
	at com.example.springdemo.SpringDemoApplication.main(SpringDemoApplication.java:10)
Caused by: org.springframework.beans.factory.UnsatisfiedDependencyException: Error creating bean with name 'shaprmService': Unsatisfied dependency expressed through field 'locationMapper'; nested exception is org.springframework.beans.factory.BeanCreationException: Error creating bean with name 'locationMapper' defined in file [/Users/raoqingjia/WebstormProjects/project_private/spring-demo/target/classes/com/example/springdemo/dao/shaprm/LocationMapper.class]: Cannot resolve reference to bean 'SqlSessionFactoryMysql' while setting bean property 'sqlSessionFactory'; nested exception is org.springframework.beans.factory.UnsatisfiedDependencyException: Error creating bean with name 'SqlSessionFactoryMysql' defined in class path resource [com/example/springdemo/config/DatasourceConfigMysql.class]: Unsatisfied dependency expressed through method 'sqlSessionFactoryMysql' parameter 0; nested exception is org.springframework.beans.factory.NoSuchBeanDefinitionException: No qualifying bean of type 'javax.sql.DataSource' available: expected at least 1 bean which qualifies as autowire candidate. Dependency annotations: {@org.springframework.beans.factory.annotation.Qualifier(value=dataSourceMysql)}
	at org.springframework.beans.factory.annotation.AutowiredAnnotationBeanPostProcessor$AutowiredFieldElement.resolveFieldValue(AutowiredAnnotationBeanPostProcessor.java:659)
	at org.springframework.beans.factory.annotation.AutowiredAnnotationBeanPostProcessor$AutowiredFieldElement.inject(AutowiredAnnotationBeanPostProcessor.java:639)
	at org.springframework.beans.factory.annotation.InjectionMetadata.inject(InjectionMetadata.java:119)
	at org.springframework.beans.factory.annotation.AutowiredAnnotationBeanPostProcessor.postProcessProperties(AutowiredAnnotationBeanPostProcessor.java:399)
	at org.springframework.beans.factory.support.AbstractAutowireCapableBeanFactory.populateBean(AbstractAutowireCapableBeanFactory.java:1431)
	at org.springframework.beans.factory.support.AbstractAutowireCapableBeanFactory.doCreateBean(AbstractAutowireCapableBeanFactory.java:619)
	at org.springframework.beans.factory.support.AbstractAutowireCapableBeanFactory.createBean(AbstractAutowireCapableBeanFactory.java:542)
	at org.springframework.beans.factory.support.AbstractBeanFactory.lambda$doGetBean$0(AbstractBeanFactory.java:335)
	at org.springframework.beans.factory.support.DefaultSingletonBeanRegistry.getSingleton(DefaultSingletonBeanRegistry.java:234)
	at org.springframework.beans.factory.support.AbstractBeanFactory.doGetBean(AbstractBeanFactory.java:333)
	at org.springframework.beans.factory.support.AbstractBeanFactory.getBean(AbstractBeanFactory.java:208)
	at org.springframework.beans.factory.config.DependencyDescriptor.resolveCandidate(DependencyDescriptor.java:276)
	at org.springframework.beans.factory.support.DefaultListableBeanFactory.doResolveDependency(DefaultListableBeanFactory.java:1389)
	at org.springframework.beans.factory.support.DefaultListableBeanFactory.resolveDependency(DefaultListableBeanFactory.java:1309)
	at org.springframework.beans.factory.annotation.AutowiredAnnotationBeanPostProcessor$AutowiredFieldElement.resolveFieldValue(AutowiredAnnotationBeanPostProcessor.java:656)
	... 20 common frames omitted
Caused by: org.springframework.beans.factory.BeanCreationException: Error creating bean with name 'locationMapper' defined in file [/Users/raoqingjia/WebstormProjects/project_private/spring-demo/target/classes/com/example/springdemo/dao/shaprm/LocationMapper.class]: Cannot resolve reference to bean 'SqlSessionFactoryMysql' while setting bean property 'sqlSessionFactory'; nested exception is org.springframework.beans.factory.UnsatisfiedDependencyException: Error creating bean with name 'SqlSessionFactoryMysql' defined in class path resource [com/example/springdemo/config/DatasourceConfigMysql.class]: Unsatisfied dependency expressed through method 'sqlSessionFactoryMysql' parameter 0; nested exception is org.springframework.beans.factory.NoSuchBeanDefinitionException: No qualifying bean of type 'javax.sql.DataSource' available: expected at least 1 bean which qualifies as autowire candidate. Dependency annotations: {@org.springframework.beans.factory.annotation.Qualifier(value=dataSourceMysql)}
	at org.springframework.beans.factory.support.BeanDefinitionValueResolver.resolveReference(BeanDefinitionValueResolver.java:342)
	at org.springframework.beans.factory.support.BeanDefinitionValueResolver.resolveValueIfNecessary(BeanDefinitionValueResolver.java:113)
	at org.springframework.beans.factory.support.AbstractAutowireCapableBeanFactory.applyPropertyValues(AbstractAutowireCapableBeanFactory.java:1707)
	at org.springframework.beans.factory.support.AbstractAutowireCapableBeanFactory.populateBean(AbstractAutowireCapableBeanFactory.java:1452)
	at org.springframework.beans.factory.support.AbstractAutowireCapableBeanFactory.doCreateBean(AbstractAutowireCapableBeanFactory.java:619)
	at org.springframework.beans.factory.support.AbstractAutowireCapableBeanFactory.createBean(AbstractAutowireCapableBeanFactory.java:542)
	at org.springframework.beans.factory.support.AbstractBeanFactory.lambda$doGetBean$0(AbstractBeanFactory.java:335)
	at org.springframework.beans.factory.support.DefaultSingletonBeanRegistry.getSingleton(DefaultSingletonBeanRegistry.java:234)
	at org.springframework.beans.factory.support.AbstractBeanFactory.doGetBean(AbstractBeanFactory.java:333)
	at org.springframework.beans.factory.support.AbstractBeanFactory.getBean(AbstractBeanFactory.java:208)
	at org.springframework.beans.factory.config.DependencyDescriptor.resolveCandidate(DependencyDescriptor.java:276)
	at org.springframework.beans.factory.support.DefaultListableBeanFactory.doResolveDependency(DefaultListableBeanFactory.java:1389)
	at org.springframework.beans.factory.support.DefaultListableBeanFactory.resolveDependency(DefaultListableBeanFactory.java:1309)
	at org.springframework.beans.factory.annotation.AutowiredAnnotationBeanPostProcessor$AutowiredFieldElement.resolveFieldValue(AutowiredAnnotationBeanPostProcessor.java:656)
	... 34 common frames omitted
Caused by: org.springframework.beans.factory.UnsatisfiedDependencyException: Error creating bean with name 'SqlSessionFactoryMysql' defined in class path resource [com/example/springdemo/config/DatasourceConfigMysql.class]: Unsatisfied dependency expressed through method 'sqlSessionFactoryMysql' parameter 0; nested exception is org.springframework.beans.factory.NoSuchBeanDefinitionException: No qualifying bean of type 'javax.sql.DataSource' available: expected at least 1 bean which qualifies as autowire candidate. Dependency annotations: {@org.springframework.beans.factory.annotation.Qualifier(value=dataSourceMysql)}
	at org.springframework.beans.factory.support.ConstructorResolver.createArgumentArray(ConstructorResolver.java:800)
	at org.springframework.beans.factory.support.ConstructorResolver.instantiateUsingFactoryMethod(ConstructorResolver.java:541)
	at org.springframework.beans.factory.support.AbstractAutowireCapableBeanFactory.instantiateUsingFactoryMethod(AbstractAutowireCapableBeanFactory.java:1352)
	at org.springframework.beans.factory.support.AbstractAutowireCapableBeanFactory.createBeanInstance(AbstractAutowireCapableBeanFactory.java:1195)
	at org.springframework.beans.factory.support.AbstractAutowireCapableBeanFactory.doCreateBean(AbstractAutowireCapableBeanFactory.java:582)
	at org.springframework.beans.factory.support.AbstractAutowireCapableBeanFactory.createBean(AbstractAutowireCapableBeanFactory.java:542)
	at org.springframework.beans.factory.support.AbstractBeanFactory.lambda$doGetBean$0(AbstractBeanFactory.java:335)
	at org.springframework.beans.factory.support.DefaultSingletonBeanRegistry.getSingleton(DefaultSingletonBeanRegistry.java:234)
	at org.springframework.beans.factory.support.AbstractBeanFactory.doGetBean(AbstractBeanFactory.java:333)
	at org.springframework.beans.factory.support.AbstractBeanFactory.getBean(AbstractBeanFactory.java:208)
	at org.springframework.beans.factory.support.BeanDefinitionValueResolver.resolveReference(BeanDefinitionValueResolver.java:330)
	... 47 common frames omitted
Caused by: org.springframework.beans.factory.NoSuchBeanDefinitionException: No qualifying bean of type 'javax.sql.DataSource' available: expected at least 1 bean which qualifies as autowire candidate. Dependency annotations: {@org.springframework.beans.factory.annotation.Qualifier(value=dataSourceMysql)}
	at org.springframework.beans.factory.support.DefaultListableBeanFactory.raiseNoMatchingBeanFound(DefaultListableBeanFactory.java:1799)
	at org.springframework.beans.factory.support.DefaultListableBeanFactory.doResolveDependency(DefaultListableBeanFactory.java:1355)
	at org.springframework.beans.factory.support.DefaultListableBeanFactory.resolveDependency(DefaultListableBeanFactory.java:1309)
	at org.springframework.beans.factory.support.ConstructorResolver.resolveAutowiredArgument(ConstructorResolver.java:887)
	at org.springframework.beans.factory.support.ConstructorResolver.createArgumentArray(ConstructorResolver.java:791)
	... 57 common frames omitted
2022-06-10 00:57:25.294 [main] INFO  com.example.springdemo.SpringDemoApplication:  Starting SpringDemoApplication using Java 1.8.0_131 on localhost with PID 7790 (/Users/raoqingjia/WebstormProjects/project_private/spring-demo/target/classes started by raoqingjia in /Users/raoqingjia/WebstormProjects/project_private/spring-demo)
2022-06-10 00:57:25.297 [main] INFO  com.example.springdemo.SpringDemoApplication:  No active profile set, falling back to 1 default profile: "default"
2022-06-10 00:57:25.931 [main] INFO  o.s.d.r.config.RepositoryConfigurationDelegate:  Multiple Spring Data modules found, entering strict repository configuration mode!
2022-06-10 00:57:25.931 [main] INFO  o.s.d.r.config.RepositoryConfigurationDelegate:  Bootstrapping Spring Data MongoDB repositories in DEFAULT mode.
2022-06-10 00:57:25.940 [main] INFO  o.s.d.r.config.RepositoryConfigurationDelegate:  Finished Spring Data repository scanning in 6 ms. Found 0 MongoDB repository interfaces.
2022-06-10 00:57:25.952 [main] INFO  o.s.d.r.config.RepositoryConfigurationDelegate:  Multiple Spring Data modules found, entering strict repository configuration mode!
2022-06-10 00:57:25.953 [main] INFO  o.s.d.r.config.RepositoryConfigurationDelegate:  Bootstrapping Spring Data Redis repositories in DEFAULT mode.
2022-06-10 00:57:25.964 [main] INFO  o.s.d.r.config.RepositoryConfigurationDelegate:  Finished Spring Data repository scanning in 2 ms. Found 0 Redis repository interfaces.
2022-06-10 00:57:26.425 [main] INFO  o.s.boot.web.embedded.tomcat.TomcatWebServer:  Tomcat initialized with port(s): 8081 (http)
2022-06-10 00:57:26.434 [main] INFO  org.apache.coyote.http11.Http11NioProtocol:  Initializing ProtocolHandler ["http-nio-8081"]
2022-06-10 00:57:26.434 [main] INFO  org.apache.catalina.core.StandardService:  Starting service [Tomcat]
2022-06-10 00:57:26.434 [main] INFO  org.apache.catalina.core.StandardEngine:  Starting Servlet engine: [Apache Tomcat/9.0.58]
2022-06-10 00:57:26.488 [main] INFO  o.a.c.core.ContainerBase.[Tomcat].[localhost].[/]:  Initializing Spring embedded WebApplicationContext
2022-06-10 00:57:26.489 [main] INFO  o.s.b.w.s.c.ServletWebServerApplicationContext:  Root WebApplicationContext: initialization completed in 1153 ms
2022-06-10 00:57:26.622 [main] INFO  org.mongodb.driver.cluster:  Cluster created with settings {hosts=[10.248.50.224:27017], mode=SINGLE, requiredClusterType=UNKNOWN, serverSelectionTimeout='30000 ms'}
2022-06-10 00:57:26.703 [cluster-rtt-ClusterId{value='62a22676da0a1a66e81545fe', description='null'}-10.248.50.224:27017] INFO  org.mongodb.driver.connection:  Opened connection [connectionId{localValue:2, serverValue:4258}] to 10.248.50.224:27017
2022-06-10 00:57:26.703 [cluster-ClusterId{value='62a22676da0a1a66e81545fe', description='null'}-10.248.50.224:27017] INFO  org.mongodb.driver.connection:  Opened connection [connectionId{localValue:1, serverValue:4257}] to 10.248.50.224:27017
2022-06-10 00:57:26.703 [cluster-ClusterId{value='62a22676da0a1a66e81545fe', description='null'}-10.248.50.224:27017] INFO  org.mongodb.driver.cluster:  Monitor thread successfully connected to server with description ServerDescription{address=10.248.50.224:27017, type=STANDALONE, state=CONNECTED, ok=true, minWireVersion=0, maxWireVersion=9, maxDocumentSize=16777216, logicalSessionTimeoutMinutes=30, roundTripTimeNanos=45830308}
2022-06-10 00:57:26.929 [main] INFO  com.example.springdemo.config.RedisSentinelConfig:  sentinel master: [crm]
2022-06-10 00:57:26.930 [main] INFO  com.example.springdemo.config.RedisSentinelConfig:  10.248.50.223:13001
2022-06-10 00:57:26.930 [main] INFO  com.example.springdemo.config.RedisSentinelConfig:  10.248.50.224:13002
2022-06-10 00:57:26.933 [main] INFO  com.example.springdemo.config.RedisSentinelConfig:  LettuceConnectionFactorySentinel bean created
2022-06-10 00:57:27.134 [main] INFO  com.example.springdemo.config.RedisSentinelConfig:  StringRedisTemplateSentinel bean created
2022-06-10 00:57:27.146 [main] WARN  o.s.b.w.s.c.AnnotationConfigServletWebServerApplicationContext:  Exception encountered during context initialization - cancelling refresh attempt: org.springframework.beans.factory.UnsatisfiedDependencyException: Error creating bean with name 'shaprmController': Unsatisfied dependency expressed through field 'shaprmService'; nested exception is org.springframework.beans.factory.UnsatisfiedDependencyException: Error creating bean with name 'shaprmService': Unsatisfied dependency expressed through field 'locationMapper'; nested exception is org.springframework.beans.factory.UnsatisfiedDependencyException: Error creating bean with name 'locationMapper' defined in file [/Users/raoqingjia/WebstormProjects/project_private/spring-demo/target/classes/com/example/springdemo/dao/shaprm/LocationMapper.class]: Unsatisfied dependency expressed through bean property 'sqlSessionFactory'; nested exception is org.springframework.beans.factory.UnsatisfiedDependencyException: Error creating bean with name 'SqlSessionFactoryMysql' defined in class path resource [com/example/springdemo/config/DatasourceConfigMysql.class]: Unsatisfied dependency expressed through method 'sqlSessionFactoryMysql' parameter 0; nested exception is org.springframework.beans.factory.NoSuchBeanDefinitionException: No qualifying bean of type 'javax.sql.DataSource' available: expected at least 1 bean which qualifies as autowire candidate. Dependency annotations: {@org.springframework.beans.factory.annotation.Qualifier(value=dataSourceMysql)}
2022-06-10 00:57:27.269 [main] INFO  org.apache.catalina.core.StandardService:  Stopping service [Tomcat]
2022-06-10 00:57:27.286 [main] INFO  o.s.b.a.l.ConditionEvaluationReportLoggingListener:  

Error starting ApplicationContext. To display the conditions report re-run your application with 'debug' enabled.
2022-06-10 00:57:27.328 [main] ERROR org.springframework.boot.SpringApplication:  Application run failed
org.springframework.beans.factory.UnsatisfiedDependencyException: Error creating bean with name 'shaprmController': Unsatisfied dependency expressed through field 'shaprmService'; nested exception is org.springframework.beans.factory.UnsatisfiedDependencyException: Error creating bean with name 'shaprmService': Unsatisfied dependency expressed through field 'locationMapper'; nested exception is org.springframework.beans.factory.UnsatisfiedDependencyException: Error creating bean with name 'locationMapper' defined in file [/Users/raoqingjia/WebstormProjects/project_private/spring-demo/target/classes/com/example/springdemo/dao/shaprm/LocationMapper.class]: Unsatisfied dependency expressed through bean property 'sqlSessionFactory'; nested exception is org.springframework.beans.factory.UnsatisfiedDependencyException: Error creating bean with name 'SqlSessionFactoryMysql' defined in class path resource [com/example/springdemo/config/DatasourceConfigMysql.class]: Unsatisfied dependency expressed through method 'sqlSessionFactoryMysql' parameter 0; nested exception is org.springframework.beans.factory.NoSuchBeanDefinitionException: No qualifying bean of type 'javax.sql.DataSource' available: expected at least 1 bean which qualifies as autowire candidate. Dependency annotations: {@org.springframework.beans.factory.annotation.Qualifier(value=dataSourceMysql)}
	at org.springframework.beans.factory.annotation.AutowiredAnnotationBeanPostProcessor$AutowiredFieldElement.resolveFieldValue(AutowiredAnnotationBeanPostProcessor.java:659)
	at org.springframework.beans.factory.annotation.AutowiredAnnotationBeanPostProcessor$AutowiredFieldElement.inject(AutowiredAnnotationBeanPostProcessor.java:639)
	at org.springframework.beans.factory.annotation.InjectionMetadata.inject(InjectionMetadata.java:119)
	at org.springframework.beans.factory.annotation.AutowiredAnnotationBeanPostProcessor.postProcessProperties(AutowiredAnnotationBeanPostProcessor.java:399)
	at org.springframework.beans.factory.support.AbstractAutowireCapableBeanFactory.populateBean(AbstractAutowireCapableBeanFactory.java:1431)
	at org.springframework.beans.factory.support.AbstractAutowireCapableBeanFactory.doCreateBean(AbstractAutowireCapableBeanFactory.java:619)
	at org.springframework.beans.factory.support.AbstractAutowireCapableBeanFactory.createBean(AbstractAutowireCapableBeanFactory.java:542)
	at org.springframework.beans.factory.support.AbstractBeanFactory.lambda$doGetBean$0(AbstractBeanFactory.java:335)
	at org.springframework.beans.factory.support.DefaultSingletonBeanRegistry.getSingleton(DefaultSingletonBeanRegistry.java:234)
	at org.springframework.beans.factory.support.AbstractBeanFactory.doGetBean(AbstractBeanFactory.java:333)
	at org.springframework.beans.factory.support.AbstractBeanFactory.getBean(AbstractBeanFactory.java:208)
	at org.springframework.beans.factory.support.DefaultListableBeanFactory.preInstantiateSingletons(DefaultListableBeanFactory.java:953)
	at org.springframework.context.support.AbstractApplicationContext.finishBeanFactoryInitialization(AbstractApplicationContext.java:918)
	at org.springframework.context.support.AbstractApplicationContext.refresh(AbstractApplicationContext.java:583)
	at org.springframework.boot.web.servlet.context.ServletWebServerApplicationContext.refresh(ServletWebServerApplicationContext.java:145)
	at org.springframework.boot.SpringApplication.refresh(SpringApplication.java:740)
	at org.springframework.boot.SpringApplication.refreshContext(SpringApplication.java:415)
	at org.springframework.boot.SpringApplication.run(SpringApplication.java:303)
	at org.springframework.boot.SpringApplication.run(SpringApplication.java:1312)
	at org.springframework.boot.SpringApplication.run(SpringApplication.java:1301)
	at com.example.springdemo.SpringDemoApplication.main(SpringDemoApplication.java:10)
Caused by: org.springframework.beans.factory.UnsatisfiedDependencyException: Error creating bean with name 'shaprmService': Unsatisfied dependency expressed through field 'locationMapper'; nested exception is org.springframework.beans.factory.UnsatisfiedDependencyException: Error creating bean with name 'locationMapper' defined in file [/Users/raoqingjia/WebstormProjects/project_private/spring-demo/target/classes/com/example/springdemo/dao/shaprm/LocationMapper.class]: Unsatisfied dependency expressed through bean property 'sqlSessionFactory'; nested exception is org.springframework.beans.factory.UnsatisfiedDependencyException: Error creating bean with name 'SqlSessionFactoryMysql' defined in class path resource [com/example/springdemo/config/DatasourceConfigMysql.class]: Unsatisfied dependency expressed through method 'sqlSessionFactoryMysql' parameter 0; nested exception is org.springframework.beans.factory.NoSuchBeanDefinitionException: No qualifying bean of type 'javax.sql.DataSource' available: expected at least 1 bean which qualifies as autowire candidate. Dependency annotations: {@org.springframework.beans.factory.annotation.Qualifier(value=dataSourceMysql)}
	at org.springframework.beans.factory.annotation.AutowiredAnnotationBeanPostProcessor$AutowiredFieldElement.resolveFieldValue(AutowiredAnnotationBeanPostProcessor.java:659)
	at org.springframework.beans.factory.annotation.AutowiredAnnotationBeanPostProcessor$AutowiredFieldElement.inject(AutowiredAnnotationBeanPostProcessor.java:639)
	at org.springframework.beans.factory.annotation.InjectionMetadata.inject(InjectionMetadata.java:119)
	at org.springframework.beans.factory.annotation.AutowiredAnnotationBeanPostProcessor.postProcessProperties(AutowiredAnnotationBeanPostProcessor.java:399)
	at org.springframework.beans.factory.support.AbstractAutowireCapableBeanFactory.populateBean(AbstractAutowireCapableBeanFactory.java:1431)
	at org.springframework.beans.factory.support.AbstractAutowireCapableBeanFactory.doCreateBean(AbstractAutowireCapableBeanFactory.java:619)
	at org.springframework.beans.factory.support.AbstractAutowireCapableBeanFactory.createBean(AbstractAutowireCapableBeanFactory.java:542)
	at org.springframework.beans.factory.support.AbstractBeanFactory.lambda$doGetBean$0(AbstractBeanFactory.java:335)
	at org.springframework.beans.factory.support.DefaultSingletonBeanRegistry.getSingleton(DefaultSingletonBeanRegistry.java:234)
	at org.springframework.beans.factory.support.AbstractBeanFactory.doGetBean(AbstractBeanFactory.java:333)
	at org.springframework.beans.factory.support.AbstractBeanFactory.getBean(AbstractBeanFactory.java:208)
	at org.springframework.beans.factory.config.DependencyDescriptor.resolveCandidate(DependencyDescriptor.java:276)
	at org.springframework.beans.factory.support.DefaultListableBeanFactory.doResolveDependency(DefaultListableBeanFactory.java:1389)
	at org.springframework.beans.factory.support.DefaultListableBeanFactory.resolveDependency(DefaultListableBeanFactory.java:1309)
	at org.springframework.beans.factory.annotation.AutowiredAnnotationBeanPostProcessor$AutowiredFieldElement.resolveFieldValue(AutowiredAnnotationBeanPostProcessor.java:656)
	... 20 common frames omitted
Caused by: org.springframework.beans.factory.UnsatisfiedDependencyException: Error creating bean with name 'locationMapper' defined in file [/Users/raoqingjia/WebstormProjects/project_private/spring-demo/target/classes/com/example/springdemo/dao/shaprm/LocationMapper.class]: Unsatisfied dependency expressed through bean property 'sqlSessionFactory'; nested exception is org.springframework.beans.factory.UnsatisfiedDependencyException: Error creating bean with name 'SqlSessionFactoryMysql' defined in class path resource [com/example/springdemo/config/DatasourceConfigMysql.class]: Unsatisfied dependency expressed through method 'sqlSessionFactoryMysql' parameter 0; nested exception is org.springframework.beans.factory.NoSuchBeanDefinitionException: No qualifying bean of type 'javax.sql.DataSource' available: expected at least 1 bean which qualifies as autowire candidate. Dependency annotations: {@org.springframework.beans.factory.annotation.Qualifier(value=dataSourceMysql)}
	at org.springframework.beans.factory.support.AbstractAutowireCapableBeanFactory.autowireByType(AbstractAutowireCapableBeanFactory.java:1534)
	at org.springframework.beans.factory.support.AbstractAutowireCapableBeanFactory.populateBean(AbstractAutowireCapableBeanFactory.java:1417)
	at org.springframework.beans.factory.support.AbstractAutowireCapableBeanFactory.doCreateBean(AbstractAutowireCapableBeanFactory.java:619)
	at org.springframework.beans.factory.support.AbstractAutowireCapableBeanFactory.createBean(AbstractAutowireCapableBeanFactory.java:542)
	at org.springframework.beans.factory.support.AbstractBeanFactory.lambda$doGetBean$0(AbstractBeanFactory.java:335)
	at org.springframework.beans.factory.support.DefaultSingletonBeanRegistry.getSingleton(DefaultSingletonBeanRegistry.java:234)
	at org.springframework.beans.factory.support.AbstractBeanFactory.doGetBean(AbstractBeanFactory.java:333)
	at org.springframework.beans.factory.support.AbstractBeanFactory.getBean(AbstractBeanFactory.java:208)
	at org.springframework.beans.factory.config.DependencyDescriptor.resolveCandidate(DependencyDescriptor.java:276)
	at org.springframework.beans.factory.support.DefaultListableBeanFactory.doResolveDependency(DefaultListableBeanFactory.java:1389)
	at org.springframework.beans.factory.support.DefaultListableBeanFactory.resolveDependency(DefaultListableBeanFactory.java:1309)
	at org.springframework.beans.factory.annotation.AutowiredAnnotationBeanPostProcessor$AutowiredFieldElement.resolveFieldValue(AutowiredAnnotationBeanPostProcessor.java:656)
	... 34 common frames omitted
Caused by: org.springframework.beans.factory.UnsatisfiedDependencyException: Error creating bean with name 'SqlSessionFactoryMysql' defined in class path resource [com/example/springdemo/config/DatasourceConfigMysql.class]: Unsatisfied dependency expressed through method 'sqlSessionFactoryMysql' parameter 0; nested exception is org.springframework.beans.factory.NoSuchBeanDefinitionException: No qualifying bean of type 'javax.sql.DataSource' available: expected at least 1 bean which qualifies as autowire candidate. Dependency annotations: {@org.springframework.beans.factory.annotation.Qualifier(value=dataSourceMysql)}
	at org.springframework.beans.factory.support.ConstructorResolver.createArgumentArray(ConstructorResolver.java:800)
	at org.springframework.beans.factory.support.ConstructorResolver.instantiateUsingFactoryMethod(ConstructorResolver.java:541)
	at org.springframework.beans.factory.support.AbstractAutowireCapableBeanFactory.instantiateUsingFactoryMethod(AbstractAutowireCapableBeanFactory.java:1352)
	at org.springframework.beans.factory.support.AbstractAutowireCapableBeanFactory.createBeanInstance(AbstractAutowireCapableBeanFactory.java:1195)
	at org.springframework.beans.factory.support.AbstractAutowireCapableBeanFactory.doCreateBean(AbstractAutowireCapableBeanFactory.java:582)
	at org.springframework.beans.factory.support.AbstractAutowireCapableBeanFactory.createBean(AbstractAutowireCapableBeanFactory.java:542)
	at org.springframework.beans.factory.support.AbstractBeanFactory.lambda$doGetBean$0(AbstractBeanFactory.java:335)
	at org.springframework.beans.factory.support.DefaultSingletonBeanRegistry.getSingleton(DefaultSingletonBeanRegistry.java:234)
	at org.springframework.beans.factory.support.AbstractBeanFactory.doGetBean(AbstractBeanFactory.java:333)
	at org.springframework.beans.factory.support.AbstractBeanFactory.getBean(AbstractBeanFactory.java:208)
	at org.springframework.beans.factory.config.DependencyDescriptor.resolveCandidate(DependencyDescriptor.java:276)
	at org.springframework.beans.factory.support.DefaultListableBeanFactory.doResolveDependency(DefaultListableBeanFactory.java:1389)
	at org.springframework.beans.factory.support.DefaultListableBeanFactory.resolveDependency(DefaultListableBeanFactory.java:1309)
	at org.springframework.beans.factory.support.AbstractAutowireCapableBeanFactory.autowireByType(AbstractAutowireCapableBeanFactory.java:1519)
	... 45 common frames omitted
Caused by: org.springframework.beans.factory.NoSuchBeanDefinitionException: No qualifying bean of type 'javax.sql.DataSource' available: expected at least 1 bean which qualifies as autowire candidate. Dependency annotations: {@org.springframework.beans.factory.annotation.Qualifier(value=dataSourceMysql)}
	at org.springframework.beans.factory.support.DefaultListableBeanFactory.raiseNoMatchingBeanFound(DefaultListableBeanFactory.java:1799)
	at org.springframework.beans.factory.support.DefaultListableBeanFactory.doResolveDependency(DefaultListableBeanFactory.java:1355)
	at org.springframework.beans.factory.support.DefaultListableBeanFactory.resolveDependency(DefaultListableBeanFactory.java:1309)
	at org.springframework.beans.factory.support.ConstructorResolver.resolveAutowiredArgument(ConstructorResolver.java:887)
	at org.springframework.beans.factory.support.ConstructorResolver.createArgumentArray(ConstructorResolver.java:791)
	... 58 common frames omitted
