2022-05-20 17:06:56.275 [main] INFO  com.example.springdemo.SpringDemoApplication:  Starting SpringDemoApplication using Java 1.8.0_131 on localhost with PID 1594 (/Users/raoqingjia/WebstormProjects/project_private/spring-demo/target/classes started by raoqingjia in /Users/raoqingjia/WebstormProjects/project_private/spring-demo)
2022-05-20 17:06:56.280 [main] INFO  com.example.springdemo.SpringDemoApplication:  No active profile set, falling back to 1 default profile: "default"
2022-05-20 17:06:57.061 [main] INFO  o.s.d.r.config.RepositoryConfigurationDelegate:  Multiple Spring Data modules found, entering strict repository configuration mode!
2022-05-20 17:06:57.062 [main] INFO  o.s.d.r.config.RepositoryConfigurationDelegate:  Bootstrapping Spring Data MongoDB repositories in DEFAULT mode.
2022-05-20 17:06:57.076 [main] INFO  o.s.d.r.config.RepositoryConfigurationDelegate:  Finished Spring Data repository scanning in 8 ms. Found 0 MongoDB repository interfaces.
2022-05-20 17:06:57.092 [main] INFO  o.s.d.r.config.RepositoryConfigurationDelegate:  Multiple Spring Data modules found, entering strict repository configuration mode!
2022-05-20 17:06:57.094 [main] INFO  o.s.d.r.config.RepositoryConfigurationDelegate:  Bootstrapping Spring Data Redis repositories in DEFAULT mode.
2022-05-20 17:06:57.106 [main] INFO  o.s.d.r.config.RepositoryConfigurationDelegate:  Finished Spring Data repository scanning in 2 ms. Found 0 Redis repository interfaces.
2022-05-20 17:06:57.508 [main] INFO  o.s.boot.web.embedded.tomcat.TomcatWebServer:  Tomcat initialized with port(s): 8081 (http)
2022-05-20 17:06:57.517 [main] INFO  org.apache.coyote.http11.Http11NioProtocol:  Initializing ProtocolHandler ["http-nio-8081"]
2022-05-20 17:06:57.517 [main] INFO  org.apache.catalina.core.StandardService:  Starting service [Tomcat]
2022-05-20 17:06:57.517 [main] INFO  org.apache.catalina.core.StandardEngine:  Starting Servlet engine: [Apache Tomcat/9.0.58]
2022-05-20 17:06:57.589 [main] INFO  o.a.c.core.ContainerBase.[Tomcat].[localhost].[/]:  Initializing Spring embedded WebApplicationContext
2022-05-20 17:06:57.590 [main] INFO  o.s.b.w.s.c.ServletWebServerApplicationContext:  Root WebApplicationContext: initialization completed in 1265 ms
2022-05-20 17:06:57.729 [main] INFO  org.mongodb.driver.cluster:  Cluster created with settings {hosts=[10.248.50.224:27017], mode=SINGLE, requiredClusterType=UNKNOWN, serverSelectionTimeout='30000 ms'}
2022-05-20 17:06:57.983 [cluster-rtt-ClusterId{value='62875a316afbe2564454e721', description='null'}-10.248.50.224:27017] INFO  org.mongodb.driver.connection:  Opened connection [connectionId{localValue:2, serverValue:3822}] to 10.248.50.224:27017
2022-05-20 17:06:57.983 [cluster-ClusterId{value='62875a316afbe2564454e721', description='null'}-10.248.50.224:27017] INFO  org.mongodb.driver.connection:  Opened connection [connectionId{localValue:1, serverValue:3823}] to 10.248.50.224:27017
2022-05-20 17:06:57.983 [cluster-ClusterId{value='62875a316afbe2564454e721', description='null'}-10.248.50.224:27017] INFO  org.mongodb.driver.cluster:  Monitor thread successfully connected to server with description ServerDescription{address=10.248.50.224:27017, type=STANDALONE, state=CONNECTED, ok=true, minWireVersion=0, maxWireVersion=9, maxDocumentSize=16777216, logicalSessionTimeoutMinutes=30, roundTripTimeNanos=176800478}
2022-05-20 17:06:58.051 [main] INFO  com.example.springdemo.config.RedisSentinelConfig:  sentinel master: [crm]
2022-05-20 17:06:58.053 [main] INFO  com.example.springdemo.config.RedisSentinelConfig:  10.248.50.223:13001
2022-05-20 17:06:58.053 [main] INFO  com.example.springdemo.config.RedisSentinelConfig:  10.248.50.224:13002
2022-05-20 17:06:58.060 [main] INFO  com.example.springdemo.config.RedisSentinelConfig:  LettuceConnectionFactorySentinel bean created
2022-05-20 17:06:58.294 [main] INFO  com.example.springdemo.config.RedisSentinelConfig:  StringRedisTemplateSentinel bean created
2022-05-20 17:06:58.645 [main] INFO  org.apache.coyote.http11.Http11NioProtocol:  Starting ProtocolHandler ["http-nio-8081"]
2022-05-20 17:06:58.669 [main] INFO  o.s.boot.web.embedded.tomcat.TomcatWebServer:  Tomcat started on port(s): 8081 (http) with context path ''
2022-05-20 17:06:58.678 [main] INFO  com.example.springdemo.SpringDemoApplication:  Started SpringDemoApplication in 2.955 seconds (JVM running for 3.579)
2022-05-20 17:09:09.849 [http-nio-8081-exec-2] INFO  o.a.c.core.ContainerBase.[Tomcat].[localhost].[/]:  Initializing Spring DispatcherServlet 'dispatcherServlet'
2022-05-20 17:09:09.850 [http-nio-8081-exec-2] INFO  org.springframework.web.servlet.DispatcherServlet:  Initializing Servlet 'dispatcherServlet'
2022-05-20 17:09:09.851 [http-nio-8081-exec-2] INFO  org.springframework.web.servlet.DispatcherServlet:  Completed initialization in 1 ms
2022-05-20 17:09:09.881 [http-nio-8081-exec-2] WARN  o.s.w.s.m.support.DefaultHandlerExceptionResolver:  Resolved [org.springframework.web.bind.MissingServletRequestParameterException: Required request parameter 'key' for method parameter type String is not present]
2022-05-20 17:10:12.644 [http-nio-8081-exec-4] WARN  o.s.w.s.m.support.DefaultHandlerExceptionResolver:  Resolved [org.springframework.web.bind.MissingServletRequestParameterException: Required request parameter 'key' for method parameter type String is not present]
2022-05-20 17:11:28.253 [cluster-ClusterId{value='62875a316afbe2564454e721', description='null'}-10.248.50.224:27017] INFO  org.mongodb.driver.cluster:  Exception in monitor thread while connecting to server 10.248.50.224:27017
com.mongodb.MongoSocketReadTimeoutException: Timeout while receiving message
	at com.mongodb.internal.connection.InternalStreamConnection.translateReadException(InternalStreamConnection.java:701)
	at com.mongodb.internal.connection.InternalStreamConnection.receiveMessageWithAdditionalTimeout(InternalStreamConnection.java:579)
	at com.mongodb.internal.connection.InternalStreamConnection.receiveCommandMessageResponse(InternalStreamConnection.java:415)
	at com.mongodb.internal.connection.InternalStreamConnection.receive(InternalStreamConnection.java:374)
	at com.mongodb.internal.connection.DefaultServerMonitor$ServerMonitorRunnable.lookupServerDescription(DefaultServerMonitor.java:216)
	at com.mongodb.internal.connection.DefaultServerMonitor$ServerMonitorRunnable.run(DefaultServerMonitor.java:152)
	at java.lang.Thread.run(Thread.java:748)
Caused by: java.net.SocketTimeoutException: Read timed out
	at java.net.SocketInputStream.socketRead0(Native Method)
	at java.net.SocketInputStream.socketRead(SocketInputStream.java:116)
	at java.net.SocketInputStream.read(SocketInputStream.java:171)
	at java.net.SocketInputStream.read(SocketInputStream.java:141)
	at com.mongodb.internal.connection.SocketStream.read(SocketStream.java:109)
	at com.mongodb.internal.connection.SocketStream.read(SocketStream.java:131)
	at com.mongodb.internal.connection.InternalStreamConnection.receiveResponseBuffers(InternalStreamConnection.java:718)
	at com.mongodb.internal.connection.InternalStreamConnection.receiveMessageWithAdditionalTimeout(InternalStreamConnection.java:576)
	... 5 common frames omitted
2022-05-20 17:19:18.200 [http-nio-8081-exec-6] WARN  o.s.w.s.m.support.DefaultHandlerExceptionResolver:  Resolved [org.springframework.web.bind.MissingServletRequestParameterException: Required request parameter 'key' for method parameter type String is not present]
2022-05-20 17:37:25.742 [main] INFO  com.example.springdemo.SpringDemoApplication:  Starting SpringDemoApplication using Java 1.8.0_131 on localhost with PID 1812 (/Users/raoqingjia/WebstormProjects/project_private/spring-demo/target/classes started by raoqingjia in /Users/raoqingjia/WebstormProjects/project_private/spring-demo)
2022-05-20 17:37:25.744 [main] INFO  com.example.springdemo.SpringDemoApplication:  No active profile set, falling back to 1 default profile: "default"
2022-05-20 17:37:26.247 [main] INFO  o.s.d.r.config.RepositoryConfigurationDelegate:  Multiple Spring Data modules found, entering strict repository configuration mode!
2022-05-20 17:37:26.248 [main] INFO  o.s.d.r.config.RepositoryConfigurationDelegate:  Bootstrapping Spring Data MongoDB repositories in DEFAULT mode.
2022-05-20 17:37:26.257 [main] INFO  o.s.d.r.config.RepositoryConfigurationDelegate:  Finished Spring Data repository scanning in 5 ms. Found 0 MongoDB repository interfaces.
2022-05-20 17:37:26.266 [main] INFO  o.s.d.r.config.RepositoryConfigurationDelegate:  Multiple Spring Data modules found, entering strict repository configuration mode!
2022-05-20 17:37:26.267 [main] INFO  o.s.d.r.config.RepositoryConfigurationDelegate:  Bootstrapping Spring Data Redis repositories in DEFAULT mode.
2022-05-20 17:37:26.281 [main] INFO  o.s.d.r.config.RepositoryConfigurationDelegate:  Finished Spring Data repository scanning in 1 ms. Found 0 Redis repository interfaces.
2022-05-20 17:37:26.572 [main] INFO  o.s.boot.web.embedded.tomcat.TomcatWebServer:  Tomcat initialized with port(s): 8081 (http)
2022-05-20 17:37:26.578 [main] INFO  org.apache.coyote.http11.Http11NioProtocol:  Initializing ProtocolHandler ["http-nio-8081"]
2022-05-20 17:37:26.578 [main] INFO  org.apache.catalina.core.StandardService:  Starting service [Tomcat]
2022-05-20 17:37:26.579 [main] INFO  org.apache.catalina.core.StandardEngine:  Starting Servlet engine: [Apache Tomcat/9.0.58]
2022-05-20 17:37:26.623 [main] INFO  o.a.c.core.ContainerBase.[Tomcat].[localhost].[/]:  Initializing Spring embedded WebApplicationContext
2022-05-20 17:37:26.624 [main] INFO  o.s.b.w.s.c.ServletWebServerApplicationContext:  Root WebApplicationContext: initialization completed in 847 ms
2022-05-20 17:37:26.716 [main] INFO  org.mongodb.driver.cluster:  Cluster created with settings {hosts=[10.248.50.224:27017], mode=SINGLE, requiredClusterType=UNKNOWN, serverSelectionTimeout='30000 ms'}
2022-05-20 17:37:26.946 [main] INFO  com.example.springdemo.config.RedisSentinelConfig:  sentinel master: [crm]
2022-05-20 17:37:26.947 [main] INFO  com.example.springdemo.config.RedisSentinelConfig:  10.248.50.223:13001
2022-05-20 17:37:26.947 [main] INFO  com.example.springdemo.config.RedisSentinelConfig:  10.248.50.224:13002
2022-05-20 17:37:26.950 [main] INFO  com.example.springdemo.config.RedisSentinelConfig:  LettuceConnectionFactorySentinel bean created
2022-05-20 17:37:27.070 [main] INFO  com.example.springdemo.config.RedisSentinelConfig:  StringRedisTemplateSentinel bean created
2022-05-20 17:37:27.338 [main] INFO  org.apache.coyote.http11.Http11NioProtocol:  Starting ProtocolHandler ["http-nio-8081"]
2022-05-20 17:37:27.359 [main] INFO  o.s.boot.web.embedded.tomcat.TomcatWebServer:  Tomcat started on port(s): 8081 (http) with context path ''
2022-05-20 17:37:27.367 [main] INFO  com.example.springdemo.SpringDemoApplication:  Started SpringDemoApplication in 1.97 seconds (JVM running for 2.466)
2022-05-20 17:37:36.754 [cluster-ClusterId{value='62876156c3f0b84e6e71821b', description='null'}-10.248.50.224:27017] INFO  org.mongodb.driver.cluster:  Exception in monitor thread while connecting to server 10.248.50.224:27017
com.mongodb.MongoSocketReadTimeoutException: Timeout while receiving message
	at com.mongodb.internal.connection.InternalStreamConnection.translateReadException(InternalStreamConnection.java:701)
	at com.mongodb.internal.connection.InternalStreamConnection.receiveMessageWithAdditionalTimeout(InternalStreamConnection.java:579)
	at com.mongodb.internal.connection.InternalStreamConnection.receiveCommandMessageResponse(InternalStreamConnection.java:415)
	at com.mongodb.internal.connection.InternalStreamConnection.sendAndReceive(InternalStreamConnection.java:342)
	at com.mongodb.internal.connection.CommandHelper.sendAndReceive(CommandHelper.java:96)
	at com.mongodb.internal.connection.CommandHelper.executeCommand(CommandHelper.java:44)
	at com.mongodb.internal.connection.InternalStreamConnectionInitializer.initializeConnectionDescription(InternalStreamConnectionInitializer.java:131)
	at com.mongodb.internal.connection.InternalStreamConnectionInitializer.startHandshake(InternalStreamConnectionInitializer.java:73)
	at com.mongodb.internal.connection.InternalStreamConnection.open(InternalStreamConnection.java:182)
	at com.mongodb.internal.connection.DefaultServerMonitor$ServerMonitorRunnable.lookupServerDescription(DefaultServerMonitor.java:188)
	at com.mongodb.internal.connection.DefaultServerMonitor$ServerMonitorRunnable.run(DefaultServerMonitor.java:152)
	at java.lang.Thread.run(Thread.java:748)
Caused by: java.net.SocketTimeoutException: Read timed out
	at java.net.SocketInputStream.socketRead0(Native Method)
	at java.net.SocketInputStream.socketRead(SocketInputStream.java:116)
	at java.net.SocketInputStream.read(SocketInputStream.java:171)
	at java.net.SocketInputStream.read(SocketInputStream.java:141)
	at com.mongodb.internal.connection.SocketStream.read(SocketStream.java:109)
	at com.mongodb.internal.connection.SocketStream.read(SocketStream.java:131)
	at com.mongodb.internal.connection.InternalStreamConnection.receiveResponseBuffers(InternalStreamConnection.java:718)
	at com.mongodb.internal.connection.InternalStreamConnection.receiveMessageWithAdditionalTimeout(InternalStreamConnection.java:576)
	... 10 common frames omitted
2022-05-20 17:37:44.247 [http-nio-8081-exec-1] INFO  o.a.c.core.ContainerBase.[Tomcat].[localhost].[/]:  Initializing Spring DispatcherServlet 'dispatcherServlet'
2022-05-20 17:37:44.248 [http-nio-8081-exec-1] INFO  org.springframework.web.servlet.DispatcherServlet:  Initializing Servlet 'dispatcherServlet'
2022-05-20 17:37:44.251 [http-nio-8081-exec-1] INFO  org.springframework.web.servlet.DispatcherServlet:  Completed initialization in 3 ms
2022-05-20 17:37:44.305 [http-nio-8081-exec-1] ERROR o.a.c.c.C.[.[localhost].[/].[dispatcherServlet]:  Servlet.service() for servlet [dispatcherServlet] in context with path [] threw exception [Request processing failed; nested exception is java.lang.IllegalStateException: argument type mismatch
Controller [com.example.springdemo.controller.RedisController]
Method [public com.example.springdemo.utils.BaseResult com.example.springdemo.controller.RedisController.setJsonString(com.alibaba.fastjson.JSONObject)] with argument values:
 [0] [type=org.springframework.validation.support.BindingAwareModelMap] [value={}] ] with root cause
java.lang.IllegalArgumentException: argument type mismatch
	at sun.reflect.NativeMethodAccessorImpl.invoke0(Native Method)
	at sun.reflect.NativeMethodAccessorImpl.invoke(NativeMethodAccessorImpl.java:62)
	at sun.reflect.DelegatingMethodAccessorImpl.invoke(DelegatingMethodAccessorImpl.java:43)
	at java.lang.reflect.Method.invoke(Method.java:498)
	at org.springframework.web.method.support.InvocableHandlerMethod.doInvoke(InvocableHandlerMethod.java:205)
	at org.springframework.web.method.support.InvocableHandlerMethod.invokeForRequest(InvocableHandlerMethod.java:150)
	at org.springframework.web.servlet.mvc.method.annotation.ServletInvocableHandlerMethod.invokeAndHandle(ServletInvocableHandlerMethod.java:117)
	at org.springframework.web.servlet.mvc.method.annotation.RequestMappingHandlerAdapter.invokeHandlerMethod(RequestMappingHandlerAdapter.java:895)
	at org.springframework.web.servlet.mvc.method.annotation.RequestMappingHandlerAdapter.handleInternal(RequestMappingHandlerAdapter.java:808)
	at org.springframework.web.servlet.mvc.method.AbstractHandlerMethodAdapter.handle(AbstractHandlerMethodAdapter.java:87)
	at org.springframework.web.servlet.DispatcherServlet.doDispatch(DispatcherServlet.java:1067)
	at org.springframework.web.servlet.DispatcherServlet.doService(DispatcherServlet.java:963)
	at org.springframework.web.servlet.FrameworkServlet.processRequest(FrameworkServlet.java:1006)
	at org.springframework.web.servlet.FrameworkServlet.doPost(FrameworkServlet.java:909)
	at javax.servlet.http.HttpServlet.service(HttpServlet.java:681)
	at org.springframework.web.servlet.FrameworkServlet.service(FrameworkServlet.java:883)
	at javax.servlet.http.HttpServlet.service(HttpServlet.java:764)
	at org.apache.catalina.core.ApplicationFilterChain.internalDoFilter(ApplicationFilterChain.java:227)
	at org.apache.catalina.core.ApplicationFilterChain.doFilter(ApplicationFilterChain.java:162)
	at org.apache.tomcat.websocket.server.WsFilter.doFilter(WsFilter.java:53)
	at org.apache.catalina.core.ApplicationFilterChain.internalDoFilter(ApplicationFilterChain.java:189)
	at org.apache.catalina.core.ApplicationFilterChain.doFilter(ApplicationFilterChain.java:162)
	at org.springframework.web.filter.RequestContextFilter.doFilterInternal(RequestContextFilter.java:100)
	at org.springframework.web.filter.OncePerRequestFilter.doFilter(OncePerRequestFilter.java:117)
	at org.apache.catalina.core.ApplicationFilterChain.internalDoFilter(ApplicationFilterChain.java:189)
	at org.apache.catalina.core.ApplicationFilterChain.doFilter(ApplicationFilterChain.java:162)
	at org.springframework.web.filter.FormContentFilter.doFilterInternal(FormContentFilter.java:93)
	at org.springframework.web.filter.OncePerRequestFilter.doFilter(OncePerRequestFilter.java:117)
	at org.apache.catalina.core.ApplicationFilterChain.internalDoFilter(ApplicationFilterChain.java:189)
	at org.apache.catalina.core.ApplicationFilterChain.doFilter(ApplicationFilterChain.java:162)
	at org.springframework.web.filter.CharacterEncodingFilter.doFilterInternal(CharacterEncodingFilter.java:201)
	at org.springframework.web.filter.OncePerRequestFilter.doFilter(OncePerRequestFilter.java:117)
	at org.apache.catalina.core.ApplicationFilterChain.internalDoFilter(ApplicationFilterChain.java:189)
	at org.apache.catalina.core.ApplicationFilterChain.doFilter(ApplicationFilterChain.java:162)
	at org.apache.catalina.core.StandardWrapperValve.invoke(StandardWrapperValve.java:197)
	at org.apache.catalina.core.StandardContextValve.invoke(StandardContextValve.java:97)
	at org.apache.catalina.authenticator.AuthenticatorBase.invoke(AuthenticatorBase.java:540)
	at org.apache.catalina.core.StandardHostValve.invoke(StandardHostValve.java:135)
	at org.apache.catalina.valves.ErrorReportValve.invoke(ErrorReportValve.java:92)
	at org.apache.catalina.core.StandardEngineValve.invoke(StandardEngineValve.java:78)
	at org.apache.catalina.connector.CoyoteAdapter.service(CoyoteAdapter.java:359)
	at org.apache.coyote.http11.Http11Processor.service(Http11Processor.java:399)
	at org.apache.coyote.AbstractProcessorLight.process(AbstractProcessorLight.java:65)
	at org.apache.coyote.AbstractProtocol$ConnectionHandler.process(AbstractProtocol.java:889)
	at org.apache.tomcat.util.net.NioEndpoint$SocketProcessor.doRun(NioEndpoint.java:1735)
	at org.apache.tomcat.util.net.SocketProcessorBase.run(SocketProcessorBase.java:49)
	at org.apache.tomcat.util.threads.ThreadPoolExecutor.runWorker(ThreadPoolExecutor.java:1191)
	at org.apache.tomcat.util.threads.ThreadPoolExecutor$Worker.run(ThreadPoolExecutor.java:659)
	at org.apache.tomcat.util.threads.TaskThread$WrappingRunnable.run(TaskThread.java:61)
	at java.lang.Thread.run(Thread.java:748)
2022-05-20 17:39:02.415 [http-nio-8081-exec-4] ERROR o.a.c.c.C.[.[localhost].[/].[dispatcherServlet]:  Servlet.service() for servlet [dispatcherServlet] in context with path [] threw exception [Request processing failed; nested exception is java.lang.IllegalStateException: argument type mismatch
Controller [com.example.springdemo.controller.RedisController]
Method [public com.example.springdemo.utils.BaseResult com.example.springdemo.controller.RedisController.setJsonString(com.alibaba.fastjson.JSONObject)] with argument values:
 [0] [type=org.springframework.validation.support.BindingAwareModelMap] [value={}] ] with root cause
java.lang.IllegalArgumentException: argument type mismatch
	at sun.reflect.NativeMethodAccessorImpl.invoke0(Native Method)
	at sun.reflect.NativeMethodAccessorImpl.invoke(NativeMethodAccessorImpl.java:62)
	at sun.reflect.DelegatingMethodAccessorImpl.invoke(DelegatingMethodAccessorImpl.java:43)
	at java.lang.reflect.Method.invoke(Method.java:498)
	at org.springframework.web.method.support.InvocableHandlerMethod.doInvoke(InvocableHandlerMethod.java:205)
	at org.springframework.web.method.support.InvocableHandlerMethod.invokeForRequest(InvocableHandlerMethod.java:150)
	at org.springframework.web.servlet.mvc.method.annotation.ServletInvocableHandlerMethod.invokeAndHandle(ServletInvocableHandlerMethod.java:117)
	at org.springframework.web.servlet.mvc.method.annotation.RequestMappingHandlerAdapter.invokeHandlerMethod(RequestMappingHandlerAdapter.java:895)
	at org.springframework.web.servlet.mvc.method.annotation.RequestMappingHandlerAdapter.handleInternal(RequestMappingHandlerAdapter.java:808)
	at org.springframework.web.servlet.mvc.method.AbstractHandlerMethodAdapter.handle(AbstractHandlerMethodAdapter.java:87)
	at org.springframework.web.servlet.DispatcherServlet.doDispatch(DispatcherServlet.java:1067)
	at org.springframework.web.servlet.DispatcherServlet.doService(DispatcherServlet.java:963)
	at org.springframework.web.servlet.FrameworkServlet.processRequest(FrameworkServlet.java:1006)
	at org.springframework.web.servlet.FrameworkServlet.doPost(FrameworkServlet.java:909)
	at javax.servlet.http.HttpServlet.service(HttpServlet.java:681)
	at org.springframework.web.servlet.FrameworkServlet.service(FrameworkServlet.java:883)
	at javax.servlet.http.HttpServlet.service(HttpServlet.java:764)
	at org.apache.catalina.core.ApplicationFilterChain.internalDoFilter(ApplicationFilterChain.java:227)
	at org.apache.catalina.core.ApplicationFilterChain.doFilter(ApplicationFilterChain.java:162)
	at org.apache.tomcat.websocket.server.WsFilter.doFilter(WsFilter.java:53)
	at org.apache.catalina.core.ApplicationFilterChain.internalDoFilter(ApplicationFilterChain.java:189)
	at org.apache.catalina.core.ApplicationFilterChain.doFilter(ApplicationFilterChain.java:162)
	at org.springframework.web.filter.RequestContextFilter.doFilterInternal(RequestContextFilter.java:100)
	at org.springframework.web.filter.OncePerRequestFilter.doFilter(OncePerRequestFilter.java:117)
	at org.apache.catalina.core.ApplicationFilterChain.internalDoFilter(ApplicationFilterChain.java:189)
	at org.apache.catalina.core.ApplicationFilterChain.doFilter(ApplicationFilterChain.java:162)
	at org.springframework.web.filter.FormContentFilter.doFilterInternal(FormContentFilter.java:93)
	at org.springframework.web.filter.OncePerRequestFilter.doFilter(OncePerRequestFilter.java:117)
	at org.apache.catalina.core.ApplicationFilterChain.internalDoFilter(ApplicationFilterChain.java:189)
	at org.apache.catalina.core.ApplicationFilterChain.doFilter(ApplicationFilterChain.java:162)
	at org.springframework.web.filter.CharacterEncodingFilter.doFilterInternal(CharacterEncodingFilter.java:201)
	at org.springframework.web.filter.OncePerRequestFilter.doFilter(OncePerRequestFilter.java:117)
	at org.apache.catalina.core.ApplicationFilterChain.internalDoFilter(ApplicationFilterChain.java:189)
	at org.apache.catalina.core.ApplicationFilterChain.doFilter(ApplicationFilterChain.java:162)
	at org.apache.catalina.core.StandardWrapperValve.invoke(StandardWrapperValve.java:197)
	at org.apache.catalina.core.StandardContextValve.invoke(StandardContextValve.java:97)
	at org.apache.catalina.authenticator.AuthenticatorBase.invoke(AuthenticatorBase.java:540)
	at org.apache.catalina.core.StandardHostValve.invoke(StandardHostValve.java:135)
	at org.apache.catalina.valves.ErrorReportValve.invoke(ErrorReportValve.java:92)
	at org.apache.catalina.core.StandardEngineValve.invoke(StandardEngineValve.java:78)
	at org.apache.catalina.connector.CoyoteAdapter.service(CoyoteAdapter.java:359)
	at org.apache.coyote.http11.Http11Processor.service(Http11Processor.java:399)
	at org.apache.coyote.AbstractProcessorLight.process(AbstractProcessorLight.java:65)
	at org.apache.coyote.AbstractProtocol$ConnectionHandler.process(AbstractProtocol.java:889)
	at org.apache.tomcat.util.net.NioEndpoint$SocketProcessor.doRun(NioEndpoint.java:1735)
	at org.apache.tomcat.util.net.SocketProcessorBase.run(SocketProcessorBase.java:49)
	at org.apache.tomcat.util.threads.ThreadPoolExecutor.runWorker(ThreadPoolExecutor.java:1191)
	at org.apache.tomcat.util.threads.ThreadPoolExecutor$Worker.run(ThreadPoolExecutor.java:659)
	at org.apache.tomcat.util.threads.TaskThread$WrappingRunnable.run(TaskThread.java:61)
	at java.lang.Thread.run(Thread.java:748)
2022-05-20 17:42:05.491 [main] INFO  com.example.springdemo.SpringDemoApplication:  Starting SpringDemoApplication using Java 1.8.0_131 on localhost with PID 1858 (/Users/raoqingjia/WebstormProjects/project_private/spring-demo/target/classes started by raoqingjia in /Users/raoqingjia/WebstormProjects/project_private/spring-demo)
2022-05-20 17:42:05.493 [main] INFO  com.example.springdemo.SpringDemoApplication:  No active profile set, falling back to 1 default profile: "default"
2022-05-20 17:42:06.111 [main] INFO  o.s.d.r.config.RepositoryConfigurationDelegate:  Multiple Spring Data modules found, entering strict repository configuration mode!
2022-05-20 17:42:06.112 [main] INFO  o.s.d.r.config.RepositoryConfigurationDelegate:  Bootstrapping Spring Data MongoDB repositories in DEFAULT mode.
2022-05-20 17:42:06.124 [main] INFO  o.s.d.r.config.RepositoryConfigurationDelegate:  Finished Spring Data repository scanning in 8 ms. Found 0 MongoDB repository interfaces.
2022-05-20 17:42:06.136 [main] INFO  o.s.d.r.config.RepositoryConfigurationDelegate:  Multiple Spring Data modules found, entering strict repository configuration mode!
2022-05-20 17:42:06.137 [main] INFO  o.s.d.r.config.RepositoryConfigurationDelegate:  Bootstrapping Spring Data Redis repositories in DEFAULT mode.
2022-05-20 17:42:06.147 [main] INFO  o.s.d.r.config.RepositoryConfigurationDelegate:  Finished Spring Data repository scanning in 2 ms. Found 0 Redis repository interfaces.
2022-05-20 17:42:06.459 [main] INFO  o.s.boot.web.embedded.tomcat.TomcatWebServer:  Tomcat initialized with port(s): 8081 (http)
2022-05-20 17:42:06.465 [main] INFO  org.apache.coyote.http11.Http11NioProtocol:  Initializing ProtocolHandler ["http-nio-8081"]
2022-05-20 17:42:06.465 [main] INFO  org.apache.catalina.core.StandardService:  Starting service [Tomcat]
2022-05-20 17:42:06.465 [main] INFO  org.apache.catalina.core.StandardEngine:  Starting Servlet engine: [Apache Tomcat/9.0.58]
2022-05-20 17:42:06.509 [main] INFO  o.a.c.core.ContainerBase.[Tomcat].[localhost].[/]:  Initializing Spring embedded WebApplicationContext
2022-05-20 17:42:06.510 [main] INFO  o.s.b.w.s.c.ServletWebServerApplicationContext:  Root WebApplicationContext: initialization completed in 984 ms
2022-05-20 17:42:06.600 [main] INFO  org.mongodb.driver.cluster:  Cluster created with settings {hosts=[10.248.50.224:27017], mode=SINGLE, requiredClusterType=UNKNOWN, serverSelectionTimeout='30000 ms'}
2022-05-20 17:42:06.833 [main] INFO  com.example.springdemo.config.RedisSentinelConfig:  sentinel master: [crm]
2022-05-20 17:42:06.834 [main] INFO  com.example.springdemo.config.RedisSentinelConfig:  10.248.50.223:13001
2022-05-20 17:42:06.834 [main] INFO  com.example.springdemo.config.RedisSentinelConfig:  10.248.50.224:13002
2022-05-20 17:42:06.836 [main] INFO  com.example.springdemo.config.RedisSentinelConfig:  LettuceConnectionFactorySentinel bean created
2022-05-20 17:42:06.958 [main] INFO  com.example.springdemo.config.RedisSentinelConfig:  StringRedisTemplateSentinel bean created
2022-05-20 17:42:07.249 [main] INFO  org.apache.coyote.http11.Http11NioProtocol:  Starting ProtocolHandler ["http-nio-8081"]
2022-05-20 17:42:07.272 [main] INFO  o.s.boot.web.embedded.tomcat.TomcatWebServer:  Tomcat started on port(s): 8081 (http) with context path ''
2022-05-20 17:42:07.280 [main] INFO  com.example.springdemo.SpringDemoApplication:  Started SpringDemoApplication in 2.195 seconds (JVM running for 2.768)
2022-05-20 17:42:12.120 [http-nio-8081-exec-1] INFO  o.a.c.core.ContainerBase.[Tomcat].[localhost].[/]:  Initializing Spring DispatcherServlet 'dispatcherServlet'
2022-05-20 17:42:12.121 [http-nio-8081-exec-1] INFO  org.springframework.web.servlet.DispatcherServlet:  Initializing Servlet 'dispatcherServlet'
2022-05-20 17:42:12.128 [http-nio-8081-exec-1] INFO  org.springframework.web.servlet.DispatcherServlet:  Completed initialization in 7 ms
2022-05-20 17:42:12.284 [http-nio-8081-exec-1] INFO  com.example.springdemo.controller.RedisController:  /redis/setJsonString 入参 params=>{"value":[{"id":"1","name":"北京","city":"北京市"},{"id":"2","name":"重庆","city":"重庆市"}],"key":"bboss.redis.JsonString"}
2022-05-20 17:42:12.322 [http-nio-8081-exec-1] INFO  com.example.springdemo.controller.RedisController:  /redis/setJsonString 入参 key=>bboss.redis.JsonString
2022-05-20 17:42:12.340 [http-nio-8081-exec-1] INFO  com.example.springdemo.controller.RedisController:  /redis/setJsonString 入参 value=>[{"id":"1","name":"北京","city":"北京市"},{"id":"2","name":"重庆","city":"重庆市"}]
2022-05-20 17:42:12.341 [http-nio-8081-exec-1] INFO  com.example.springdemo.controller.RedisController:  /redis/setJsonString 入参 time=>null
2022-05-20 17:42:16.647 [cluster-ClusterId{value='6287626e884f3060da261ecf', description='null'}-10.248.50.224:27017] INFO  org.mongodb.driver.cluster:  Exception in monitor thread while connecting to server 10.248.50.224:27017
com.mongodb.MongoSocketReadTimeoutException: Timeout while receiving message
	at com.mongodb.internal.connection.InternalStreamConnection.translateReadException(InternalStreamConnection.java:701)
	at com.mongodb.internal.connection.InternalStreamConnection.receiveMessageWithAdditionalTimeout(InternalStreamConnection.java:579)
	at com.mongodb.internal.connection.InternalStreamConnection.receiveCommandMessageResponse(InternalStreamConnection.java:415)
	at com.mongodb.internal.connection.InternalStreamConnection.sendAndReceive(InternalStreamConnection.java:342)
	at com.mongodb.internal.connection.CommandHelper.sendAndReceive(CommandHelper.java:96)
	at com.mongodb.internal.connection.CommandHelper.executeCommand(CommandHelper.java:44)
	at com.mongodb.internal.connection.InternalStreamConnectionInitializer.initializeConnectionDescription(InternalStreamConnectionInitializer.java:131)
	at com.mongodb.internal.connection.InternalStreamConnectionInitializer.startHandshake(InternalStreamConnectionInitializer.java:73)
	at com.mongodb.internal.connection.InternalStreamConnection.open(InternalStreamConnection.java:182)
	at com.mongodb.internal.connection.DefaultServerMonitor$ServerMonitorRunnable.lookupServerDescription(DefaultServerMonitor.java:188)
	at com.mongodb.internal.connection.DefaultServerMonitor$ServerMonitorRunnable.run(DefaultServerMonitor.java:152)
	at java.lang.Thread.run(Thread.java:748)
Caused by: java.net.SocketTimeoutException: Read timed out
	at java.net.SocketInputStream.socketRead0(Native Method)
	at java.net.SocketInputStream.socketRead(SocketInputStream.java:116)
	at java.net.SocketInputStream.read(SocketInputStream.java:171)
	at java.net.SocketInputStream.read(SocketInputStream.java:141)
	at com.mongodb.internal.connection.SocketStream.read(SocketStream.java:109)
	at com.mongodb.internal.connection.SocketStream.read(SocketStream.java:131)
	at com.mongodb.internal.connection.InternalStreamConnection.receiveResponseBuffers(InternalStreamConnection.java:718)
	at com.mongodb.internal.connection.InternalStreamConnection.receiveMessageWithAdditionalTimeout(InternalStreamConnection.java:576)
	... 10 common frames omitted
2022-05-20 17:51:16.245 [cluster-rtt-ClusterId{value='6287626e884f3060da261ecf', description='null'}-10.248.50.224:27017] INFO  org.mongodb.driver.connection:  Opened connection [connectionId{localValue:55, serverValue:3826}] to 10.248.50.224:27017
2022-05-20 17:51:16.433 [cluster-ClusterId{value='6287626e884f3060da261ecf', description='null'}-10.248.50.224:27017] INFO  org.mongodb.driver.connection:  Opened connection [connectionId{localValue:56, serverValue:3827}] to 10.248.50.224:27017
2022-05-20 17:51:16.434 [cluster-ClusterId{value='6287626e884f3060da261ecf', description='null'}-10.248.50.224:27017] INFO  org.mongodb.driver.cluster:  Monitor thread successfully connected to server with description ServerDescription{address=10.248.50.224:27017, type=STANDALONE, state=CONNECTED, ok=true, minWireVersion=0, maxWireVersion=9, maxDocumentSize=16777216, logicalSessionTimeoutMinutes=30, roundTripTimeNanos=9529634054}
2022-05-20 18:29:45.307 [main] INFO  com.example.springdemo.SpringDemoApplication:  Starting SpringDemoApplication using Java 1.8.0_131 on localhost with PID 2060 (/Users/raoqingjia/WebstormProjects/project_private/spring-demo/target/classes started by raoqingjia in /Users/raoqingjia/WebstormProjects/project_private/spring-demo)
2022-05-20 18:29:45.311 [main] INFO  com.example.springdemo.SpringDemoApplication:  No active profile set, falling back to 1 default profile: "default"
2022-05-20 18:29:45.863 [main] INFO  o.s.d.r.config.RepositoryConfigurationDelegate:  Multiple Spring Data modules found, entering strict repository configuration mode!
2022-05-20 18:29:45.864 [main] INFO  o.s.d.r.config.RepositoryConfigurationDelegate:  Bootstrapping Spring Data MongoDB repositories in DEFAULT mode.
2022-05-20 18:29:45.873 [main] INFO  o.s.d.r.config.RepositoryConfigurationDelegate:  Finished Spring Data repository scanning in 6 ms. Found 0 MongoDB repository interfaces.
2022-05-20 18:29:45.889 [main] INFO  o.s.d.r.config.RepositoryConfigurationDelegate:  Multiple Spring Data modules found, entering strict repository configuration mode!
2022-05-20 18:29:45.890 [main] INFO  o.s.d.r.config.RepositoryConfigurationDelegate:  Bootstrapping Spring Data Redis repositories in DEFAULT mode.
2022-05-20 18:29:45.898 [main] INFO  o.s.d.r.config.RepositoryConfigurationDelegate:  Finished Spring Data repository scanning in 1 ms. Found 0 Redis repository interfaces.
2022-05-20 18:29:46.204 [main] INFO  o.s.boot.web.embedded.tomcat.TomcatWebServer:  Tomcat initialized with port(s): 8081 (http)
2022-05-20 18:29:46.211 [main] INFO  org.apache.coyote.http11.Http11NioProtocol:  Initializing ProtocolHandler ["http-nio-8081"]
2022-05-20 18:29:46.212 [main] INFO  org.apache.catalina.core.StandardService:  Starting service [Tomcat]
2022-05-20 18:29:46.212 [main] INFO  org.apache.catalina.core.StandardEngine:  Starting Servlet engine: [Apache Tomcat/9.0.58]
2022-05-20 18:29:46.260 [main] INFO  o.a.c.core.ContainerBase.[Tomcat].[localhost].[/]:  Initializing Spring embedded WebApplicationContext
2022-05-20 18:29:46.261 [main] INFO  o.s.b.w.s.c.ServletWebServerApplicationContext:  Root WebApplicationContext: initialization completed in 911 ms
2022-05-20 18:29:46.382 [main] INFO  org.mongodb.driver.cluster:  Cluster created with settings {hosts=[10.248.50.224:27017], mode=SINGLE, requiredClusterType=UNKNOWN, serverSelectionTimeout='30000 ms'}
2022-05-20 18:29:46.515 [cluster-ClusterId{value='62876d9a6f2919250ef28dc5', description='null'}-10.248.50.224:27017] INFO  org.mongodb.driver.connection:  Opened connection [connectionId{localValue:2, serverValue:3833}] to 10.248.50.224:27017
2022-05-20 18:29:46.515 [cluster-rtt-ClusterId{value='62876d9a6f2919250ef28dc5', description='null'}-10.248.50.224:27017] INFO  org.mongodb.driver.connection:  Opened connection [connectionId{localValue:1, serverValue:3834}] to 10.248.50.224:27017
2022-05-20 18:29:46.516 [cluster-ClusterId{value='62876d9a6f2919250ef28dc5', description='null'}-10.248.50.224:27017] INFO  org.mongodb.driver.cluster:  Monitor thread successfully connected to server with description ServerDescription{address=10.248.50.224:27017, type=STANDALONE, state=CONNECTED, ok=true, minWireVersion=0, maxWireVersion=9, maxDocumentSize=16777216, logicalSessionTimeoutMinutes=30, roundTripTimeNanos=90657932}
2022-05-20 18:29:46.679 [main] INFO  com.example.springdemo.config.RedisSentinelConfig:  sentinel master: [crm]
2022-05-20 18:29:46.680 [main] INFO  com.example.springdemo.config.RedisSentinelConfig:  10.248.50.223:13001
2022-05-20 18:29:46.680 [main] INFO  com.example.springdemo.config.RedisSentinelConfig:  10.248.50.224:13002
2022-05-20 18:29:46.682 [main] INFO  com.example.springdemo.config.RedisSentinelConfig:  LettuceConnectionFactorySentinel bean created
2022-05-20 18:29:46.833 [main] INFO  com.example.springdemo.config.RedisSentinelConfig:  StringRedisTemplateSentinel bean created
2022-05-20 18:29:47.152 [main] INFO  org.apache.coyote.http11.Http11NioProtocol:  Starting ProtocolHandler ["http-nio-8081"]
2022-05-20 18:29:47.174 [main] INFO  o.s.boot.web.embedded.tomcat.TomcatWebServer:  Tomcat started on port(s): 8081 (http) with context path ''
2022-05-20 18:29:47.181 [main] INFO  com.example.springdemo.SpringDemoApplication:  Started SpringDemoApplication in 2.263 seconds (JVM running for 2.707)
2022-05-20 18:30:13.618 [http-nio-8081-exec-1] INFO  o.a.c.core.ContainerBase.[Tomcat].[localhost].[/]:  Initializing Spring DispatcherServlet 'dispatcherServlet'
2022-05-20 18:30:13.618 [http-nio-8081-exec-1] INFO  org.springframework.web.servlet.DispatcherServlet:  Initializing Servlet 'dispatcherServlet'
2022-05-20 18:30:13.620 [http-nio-8081-exec-1] INFO  org.springframework.web.servlet.DispatcherServlet:  Completed initialization in 2 ms
2022-05-20 18:30:13.649 [http-nio-8081-exec-1] WARN  o.s.w.s.m.support.DefaultHandlerExceptionResolver:  Resolved [org.springframework.web.bind.MissingServletRequestParameterException: Required request parameter 'key' for method parameter type String is not present]
2022-05-20 18:31:00.627 [main] INFO  com.example.springdemo.SpringDemoApplication:  Starting SpringDemoApplication using Java 1.8.0_131 on localhost with PID 2092 (/Users/raoqingjia/WebstormProjects/project_private/spring-demo/target/classes started by raoqingjia in /Users/raoqingjia/WebstormProjects/project_private/spring-demo)
2022-05-20 18:31:00.630 [main] INFO  com.example.springdemo.SpringDemoApplication:  No active profile set, falling back to 1 default profile: "default"
2022-05-20 18:31:01.132 [main] INFO  o.s.d.r.config.RepositoryConfigurationDelegate:  Multiple Spring Data modules found, entering strict repository configuration mode!
2022-05-20 18:31:01.132 [main] INFO  o.s.d.r.config.RepositoryConfigurationDelegate:  Bootstrapping Spring Data MongoDB repositories in DEFAULT mode.
2022-05-20 18:31:01.141 [main] INFO  o.s.d.r.config.RepositoryConfigurationDelegate:  Finished Spring Data repository scanning in 5 ms. Found 0 MongoDB repository interfaces.
2022-05-20 18:31:01.157 [main] INFO  o.s.d.r.config.RepositoryConfigurationDelegate:  Multiple Spring Data modules found, entering strict repository configuration mode!
2022-05-20 18:31:01.157 [main] INFO  o.s.d.r.config.RepositoryConfigurationDelegate:  Bootstrapping Spring Data Redis repositories in DEFAULT mode.
2022-05-20 18:31:01.165 [main] INFO  o.s.d.r.config.RepositoryConfigurationDelegate:  Finished Spring Data repository scanning in 1 ms. Found 0 Redis repository interfaces.
2022-05-20 18:31:01.459 [main] INFO  o.s.boot.web.embedded.tomcat.TomcatWebServer:  Tomcat initialized with port(s): 8081 (http)
2022-05-20 18:31:01.465 [main] INFO  org.apache.coyote.http11.Http11NioProtocol:  Initializing ProtocolHandler ["http-nio-8081"]
2022-05-20 18:31:01.466 [main] INFO  org.apache.catalina.core.StandardService:  Starting service [Tomcat]
2022-05-20 18:31:01.466 [main] INFO  org.apache.catalina.core.StandardEngine:  Starting Servlet engine: [Apache Tomcat/9.0.58]
2022-05-20 18:31:01.519 [main] INFO  o.a.c.core.ContainerBase.[Tomcat].[localhost].[/]:  Initializing Spring embedded WebApplicationContext
2022-05-20 18:31:01.520 [main] INFO  o.s.b.w.s.c.ServletWebServerApplicationContext:  Root WebApplicationContext: initialization completed in 858 ms
2022-05-20 18:31:01.604 [main] INFO  org.mongodb.driver.cluster:  Cluster created with settings {hosts=[10.248.50.224:27017], mode=SINGLE, requiredClusterType=UNKNOWN, serverSelectionTimeout='30000 ms'}
2022-05-20 18:31:01.678 [cluster-ClusterId{value='62876de5cb5eff4e8ccf57ee', description='null'}-10.248.50.224:27017] INFO  org.mongodb.driver.connection:  Opened connection [connectionId{localValue:1, serverValue:3836}] to 10.248.50.224:27017
2022-05-20 18:31:01.678 [cluster-rtt-ClusterId{value='62876de5cb5eff4e8ccf57ee', description='null'}-10.248.50.224:27017] INFO  org.mongodb.driver.connection:  Opened connection [connectionId{localValue:2, serverValue:3835}] to 10.248.50.224:27017
2022-05-20 18:31:01.678 [cluster-ClusterId{value='62876de5cb5eff4e8ccf57ee', description='null'}-10.248.50.224:27017] INFO  org.mongodb.driver.cluster:  Monitor thread successfully connected to server with description ServerDescription{address=10.248.50.224:27017, type=STANDALONE, state=CONNECTED, ok=true, minWireVersion=0, maxWireVersion=9, maxDocumentSize=16777216, logicalSessionTimeoutMinutes=30, roundTripTimeNanos=50099669}
2022-05-20 18:31:01.835 [main] INFO  com.example.springdemo.config.RedisSentinelConfig:  sentinel master: [crm]
2022-05-20 18:31:01.836 [main] INFO  com.example.springdemo.config.RedisSentinelConfig:  10.248.50.223:13001
2022-05-20 18:31:01.836 [main] INFO  com.example.springdemo.config.RedisSentinelConfig:  10.248.50.224:13002
2022-05-20 18:31:01.838 [main] INFO  com.example.springdemo.config.RedisSentinelConfig:  LettuceConnectionFactorySentinel bean created
2022-05-20 18:31:01.968 [main] INFO  com.example.springdemo.config.RedisSentinelConfig:  StringRedisTemplateSentinel bean created
2022-05-20 18:31:02.242 [main] INFO  org.apache.coyote.http11.Http11NioProtocol:  Starting ProtocolHandler ["http-nio-8081"]
2022-05-20 18:31:02.265 [main] INFO  o.s.boot.web.embedded.tomcat.TomcatWebServer:  Tomcat started on port(s): 8081 (http) with context path ''
2022-05-20 18:31:02.273 [main] INFO  com.example.springdemo.SpringDemoApplication:  Started SpringDemoApplication in 1.99 seconds (JVM running for 2.418)
2022-05-20 18:31:07.421 [http-nio-8081-exec-2] INFO  o.a.c.core.ContainerBase.[Tomcat].[localhost].[/]:  Initializing Spring DispatcherServlet 'dispatcherServlet'
2022-05-20 18:31:07.422 [http-nio-8081-exec-2] INFO  org.springframework.web.servlet.DispatcherServlet:  Initializing Servlet 'dispatcherServlet'
2022-05-20 18:31:07.423 [http-nio-8081-exec-2] INFO  org.springframework.web.servlet.DispatcherServlet:  Completed initialization in 1 ms
2022-05-20 18:31:07.455 [http-nio-8081-exec-2] WARN  o.s.w.s.m.support.DefaultHandlerExceptionResolver:  Resolved [org.springframework.web.bind.MissingServletRequestParameterException: Required request parameter 'key' for method parameter type String is not present]
2022-05-20 18:32:11.900 [http-nio-8081-exec-4] INFO  com.example.springdemo.controller.RedisController:  /redis/setJsonString 入参 key=>12
2022-05-20 18:32:12.419 [http-nio-8081-exec-4] INFO  com.example.springdemo.controller.RedisController:  /redis/setJsonString 结果=>{"bizCode":"000000","bizData":"数据更新成功","bizDesc":"SUCCESS"}
2022-05-20 18:34:16.424 [main] INFO  com.example.springdemo.SpringDemoApplication:  Starting SpringDemoApplication using Java 1.8.0_131 on localhost with PID 2112 (/Users/raoqingjia/WebstormProjects/project_private/spring-demo/target/classes started by raoqingjia in /Users/raoqingjia/WebstormProjects/project_private/spring-demo)
2022-05-20 18:34:16.426 [main] INFO  com.example.springdemo.SpringDemoApplication:  No active profile set, falling back to 1 default profile: "default"
2022-05-20 18:34:16.912 [main] INFO  o.s.d.r.config.RepositoryConfigurationDelegate:  Multiple Spring Data modules found, entering strict repository configuration mode!
2022-05-20 18:34:16.913 [main] INFO  o.s.d.r.config.RepositoryConfigurationDelegate:  Bootstrapping Spring Data MongoDB repositories in DEFAULT mode.
2022-05-20 18:34:16.921 [main] INFO  o.s.d.r.config.RepositoryConfigurationDelegate:  Finished Spring Data repository scanning in 5 ms. Found 0 MongoDB repository interfaces.
2022-05-20 18:34:16.931 [main] INFO  o.s.d.r.config.RepositoryConfigurationDelegate:  Multiple Spring Data modules found, entering strict repository configuration mode!
2022-05-20 18:34:16.932 [main] INFO  o.s.d.r.config.RepositoryConfigurationDelegate:  Bootstrapping Spring Data Redis repositories in DEFAULT mode.
2022-05-20 18:34:16.946 [main] INFO  o.s.d.r.config.RepositoryConfigurationDelegate:  Finished Spring Data repository scanning in 1 ms. Found 0 Redis repository interfaces.
2022-05-20 18:34:17.233 [main] INFO  o.s.boot.web.embedded.tomcat.TomcatWebServer:  Tomcat initialized with port(s): 8081 (http)
2022-05-20 18:34:17.240 [main] INFO  org.apache.coyote.http11.Http11NioProtocol:  Initializing ProtocolHandler ["http-nio-8081"]
2022-05-20 18:34:17.241 [main] INFO  org.apache.catalina.core.StandardService:  Starting service [Tomcat]
2022-05-20 18:34:17.241 [main] INFO  org.apache.catalina.core.StandardEngine:  Starting Servlet engine: [Apache Tomcat/9.0.58]
2022-05-20 18:34:17.287 [main] INFO  o.a.c.core.ContainerBase.[Tomcat].[localhost].[/]:  Initializing Spring embedded WebApplicationContext
2022-05-20 18:34:17.287 [main] INFO  o.s.b.w.s.c.ServletWebServerApplicationContext:  Root WebApplicationContext: initialization completed in 829 ms
2022-05-20 18:34:17.380 [main] INFO  org.mongodb.driver.cluster:  Cluster created with settings {hosts=[10.248.50.224:27017], mode=SINGLE, requiredClusterType=UNKNOWN, serverSelectionTimeout='30000 ms'}
2022-05-20 18:34:17.456 [cluster-ClusterId{value='62876ea965915d0d7038d159', description='null'}-10.248.50.224:27017] INFO  org.mongodb.driver.connection:  Opened connection [connectionId{localValue:1, serverValue:3837}] to 10.248.50.224:27017
2022-05-20 18:34:17.456 [cluster-rtt-ClusterId{value='62876ea965915d0d7038d159', description='null'}-10.248.50.224:27017] INFO  org.mongodb.driver.connection:  Opened connection [connectionId{localValue:2, serverValue:3838}] to 10.248.50.224:27017
2022-05-20 18:34:17.456 [cluster-ClusterId{value='62876ea965915d0d7038d159', description='null'}-10.248.50.224:27017] INFO  org.mongodb.driver.cluster:  Monitor thread successfully connected to server with description ServerDescription{address=10.248.50.224:27017, type=STANDALONE, state=CONNECTED, ok=true, minWireVersion=0, maxWireVersion=9, maxDocumentSize=16777216, logicalSessionTimeoutMinutes=30, roundTripTimeNanos=52246840}
2022-05-20 18:34:17.605 [main] INFO  com.example.springdemo.config.RedisSentinelConfig:  sentinel master: [crm]
2022-05-20 18:34:17.606 [main] INFO  com.example.springdemo.config.RedisSentinelConfig:  10.248.50.223:13001
2022-05-20 18:34:17.606 [main] INFO  com.example.springdemo.config.RedisSentinelConfig:  10.248.50.224:13002
2022-05-20 18:34:17.608 [main] INFO  com.example.springdemo.config.RedisSentinelConfig:  LettuceConnectionFactorySentinel bean created
2022-05-20 18:34:17.741 [main] INFO  com.example.springdemo.config.RedisSentinelConfig:  StringRedisTemplateSentinel bean created
2022-05-20 18:34:18.016 [main] INFO  org.apache.coyote.http11.Http11NioProtocol:  Starting ProtocolHandler ["http-nio-8081"]
2022-05-20 18:34:18.039 [main] INFO  o.s.boot.web.embedded.tomcat.TomcatWebServer:  Tomcat started on port(s): 8081 (http) with context path ''
2022-05-20 18:34:18.047 [main] INFO  com.example.springdemo.SpringDemoApplication:  Started SpringDemoApplication in 1.989 seconds (JVM running for 2.427)
2022-05-20 18:34:24.961 [http-nio-8081-exec-1] INFO  o.a.c.core.ContainerBase.[Tomcat].[localhost].[/]:  Initializing Spring DispatcherServlet 'dispatcherServlet'
2022-05-20 18:34:24.962 [http-nio-8081-exec-1] INFO  org.springframework.web.servlet.DispatcherServlet:  Initializing Servlet 'dispatcherServlet'
2022-05-20 18:34:24.963 [http-nio-8081-exec-1] INFO  org.springframework.web.servlet.DispatcherServlet:  Completed initialization in 1 ms
2022-05-20 18:34:24.999 [http-nio-8081-exec-1] INFO  com.example.springdemo.controller.RedisController:  /redis/setJsonString 入参 key=>12
2022-05-20 18:34:25.463 [http-nio-8081-exec-1] INFO  com.example.springdemo.controller.RedisController:  /redis/setJsonString 结果=>{"bizCode":"000000","bizData":"数据更新成功","bizDesc":"SUCCESS"}
2022-05-20 18:36:59.279 [main] INFO  com.example.springdemo.SpringDemoApplication:  Starting SpringDemoApplication using Java 1.8.0_131 on localhost with PID 2123 (/Users/raoqingjia/WebstormProjects/project_private/spring-demo/target/classes started by raoqingjia in /Users/raoqingjia/WebstormProjects/project_private/spring-demo)
2022-05-20 18:36:59.281 [main] INFO  com.example.springdemo.SpringDemoApplication:  No active profile set, falling back to 1 default profile: "default"
2022-05-20 18:36:59.817 [main] INFO  o.s.d.r.config.RepositoryConfigurationDelegate:  Multiple Spring Data modules found, entering strict repository configuration mode!
2022-05-20 18:36:59.818 [main] INFO  o.s.d.r.config.RepositoryConfigurationDelegate:  Bootstrapping Spring Data MongoDB repositories in DEFAULT mode.
2022-05-20 18:36:59.827 [main] INFO  o.s.d.r.config.RepositoryConfigurationDelegate:  Finished Spring Data repository scanning in 6 ms. Found 0 MongoDB repository interfaces.
2022-05-20 18:36:59.843 [main] INFO  o.s.d.r.config.RepositoryConfigurationDelegate:  Multiple Spring Data modules found, entering strict repository configuration mode!
2022-05-20 18:36:59.844 [main] INFO  o.s.d.r.config.RepositoryConfigurationDelegate:  Bootstrapping Spring Data Redis repositories in DEFAULT mode.
2022-05-20 18:36:59.852 [main] INFO  o.s.d.r.config.RepositoryConfigurationDelegate:  Finished Spring Data repository scanning in 1 ms. Found 0 Redis repository interfaces.
2022-05-20 18:37:00.179 [main] INFO  o.s.boot.web.embedded.tomcat.TomcatWebServer:  Tomcat initialized with port(s): 8081 (http)
2022-05-20 18:37:00.184 [main] INFO  org.apache.coyote.http11.Http11NioProtocol:  Initializing ProtocolHandler ["http-nio-8081"]
2022-05-20 18:37:00.185 [main] INFO  org.apache.catalina.core.StandardService:  Starting service [Tomcat]
2022-05-20 18:37:00.185 [main] INFO  org.apache.catalina.core.StandardEngine:  Starting Servlet engine: [Apache Tomcat/9.0.58]
2022-05-20 18:37:00.239 [main] INFO  o.a.c.core.ContainerBase.[Tomcat].[localhost].[/]:  Initializing Spring embedded WebApplicationContext
2022-05-20 18:37:00.239 [main] INFO  o.s.b.w.s.c.ServletWebServerApplicationContext:  Root WebApplicationContext: initialization completed in 923 ms
2022-05-20 18:37:00.330 [main] INFO  org.mongodb.driver.cluster:  Cluster created with settings {hosts=[10.248.50.224:27017], mode=SINGLE, requiredClusterType=UNKNOWN, serverSelectionTimeout='30000 ms'}
2022-05-20 18:37:00.415 [cluster-rtt-ClusterId{value='62876f4c4da1dd5705fd4929', description='null'}-10.248.50.224:27017] INFO  org.mongodb.driver.connection:  Opened connection [connectionId{localValue:2, serverValue:3839}] to 10.248.50.224:27017
2022-05-20 18:37:00.415 [cluster-ClusterId{value='62876f4c4da1dd5705fd4929', description='null'}-10.248.50.224:27017] INFO  org.mongodb.driver.connection:  Opened connection [connectionId{localValue:1, serverValue:3840}] to 10.248.50.224:27017
2022-05-20 18:37:00.415 [cluster-ClusterId{value='62876f4c4da1dd5705fd4929', description='null'}-10.248.50.224:27017] INFO  org.mongodb.driver.cluster:  Monitor thread successfully connected to server with description ServerDescription{address=10.248.50.224:27017, type=STANDALONE, state=CONNECTED, ok=true, minWireVersion=0, maxWireVersion=9, maxDocumentSize=16777216, logicalSessionTimeoutMinutes=30, roundTripTimeNanos=60292098}
2022-05-20 18:37:00.639 [main] INFO  com.example.springdemo.config.RedisSentinelConfig:  sentinel master: [crm]
2022-05-20 18:37:00.642 [main] INFO  com.example.springdemo.config.RedisSentinelConfig:  10.248.50.223:13001
2022-05-20 18:37:00.642 [main] INFO  com.example.springdemo.config.RedisSentinelConfig:  10.248.50.224:13002
2022-05-20 18:37:00.645 [main] INFO  com.example.springdemo.config.RedisSentinelConfig:  LettuceConnectionFactorySentinel bean created
2022-05-20 18:37:00.786 [main] INFO  com.example.springdemo.config.RedisSentinelConfig:  StringRedisTemplateSentinel bean created
2022-05-20 18:37:01.173 [main] INFO  org.apache.coyote.http11.Http11NioProtocol:  Starting ProtocolHandler ["http-nio-8081"]
2022-05-20 18:37:01.198 [main] INFO  o.s.boot.web.embedded.tomcat.TomcatWebServer:  Tomcat started on port(s): 8081 (http) with context path ''
2022-05-20 18:37:01.208 [main] INFO  com.example.springdemo.SpringDemoApplication:  Started SpringDemoApplication in 2.295 seconds (JVM running for 2.722)
2022-05-20 18:37:23.487 [http-nio-8081-exec-1] INFO  o.a.c.core.ContainerBase.[Tomcat].[localhost].[/]:  Initializing Spring DispatcherServlet 'dispatcherServlet'
2022-05-20 18:37:23.487 [http-nio-8081-exec-1] INFO  org.springframework.web.servlet.DispatcherServlet:  Initializing Servlet 'dispatcherServlet'
2022-05-20 18:37:23.489 [http-nio-8081-exec-1] INFO  org.springframework.web.servlet.DispatcherServlet:  Completed initialization in 2 ms
2022-05-20 18:37:23.515 [http-nio-8081-exec-1] WARN  o.s.w.s.m.support.DefaultHandlerExceptionResolver:  Resolved [org.springframework.web.HttpMediaTypeNotSupportedException: Content type 'application/x-www-form-urlencoded;charset=UTF-8' not supported]
2022-05-20 18:37:30.201 [http-nio-8081-exec-3] INFO  com.example.springdemo.controller.RedisController:  /redis/setJsonString 入参 params=>{"value":[{"id":"1","name":"北京","city":"北京市"},{"id":"2","name":"重庆","city":"重庆市"}],"key":"bboss.redis.JsonString"}
2022-05-20 18:37:30.222 [http-nio-8081-exec-3] INFO  com.example.springdemo.controller.RedisController:  /redis/setJsonString 入参 key=>bboss.redis.JsonString
2022-05-20 18:37:30.230 [http-nio-8081-exec-3] INFO  com.example.springdemo.controller.RedisController:  /redis/setJsonString 入参 value=>[{"id":"1","name":"北京","city":"北京市"},{"id":"2","name":"重庆","city":"重庆市"}]
2022-05-20 18:37:30.231 [http-nio-8081-exec-3] INFO  com.example.springdemo.controller.RedisController:  /redis/setJsonString 入参 time=>null
2022-05-20 18:37:40.265 [http-nio-8081-exec-4] WARN  o.s.w.s.m.support.DefaultHandlerExceptionResolver:  Resolved [org.springframework.web.HttpMediaTypeNotSupportedException: Content type 'application/x-www-form-urlencoded;charset=UTF-8' not supported]
2022-05-20 18:40:07.883 [main] INFO  com.example.springdemo.SpringDemoApplication:  Starting SpringDemoApplication using Java 1.8.0_131 on localhost with PID 2153 (/Users/raoqingjia/WebstormProjects/project_private/spring-demo/target/classes started by raoqingjia in /Users/raoqingjia/WebstormProjects/project_private/spring-demo)
2022-05-20 18:40:07.885 [main] INFO  com.example.springdemo.SpringDemoApplication:  No active profile set, falling back to 1 default profile: "default"
2022-05-20 18:40:08.445 [main] INFO  o.s.d.r.config.RepositoryConfigurationDelegate:  Multiple Spring Data modules found, entering strict repository configuration mode!
2022-05-20 18:40:08.446 [main] INFO  o.s.d.r.config.RepositoryConfigurationDelegate:  Bootstrapping Spring Data MongoDB repositories in DEFAULT mode.
2022-05-20 18:40:08.462 [main] INFO  o.s.d.r.config.RepositoryConfigurationDelegate:  Finished Spring Data repository scanning in 12 ms. Found 0 MongoDB repository interfaces.
2022-05-20 18:40:08.485 [main] INFO  o.s.d.r.config.RepositoryConfigurationDelegate:  Multiple Spring Data modules found, entering strict repository configuration mode!
2022-05-20 18:40:08.487 [main] INFO  o.s.d.r.config.RepositoryConfigurationDelegate:  Bootstrapping Spring Data Redis repositories in DEFAULT mode.
2022-05-20 18:40:08.499 [main] INFO  o.s.d.r.config.RepositoryConfigurationDelegate:  Finished Spring Data repository scanning in 2 ms. Found 0 Redis repository interfaces.
2022-05-20 18:40:08.811 [main] INFO  o.s.boot.web.embedded.tomcat.TomcatWebServer:  Tomcat initialized with port(s): 8081 (http)
2022-05-20 18:40:08.818 [main] INFO  org.apache.coyote.http11.Http11NioProtocol:  Initializing ProtocolHandler ["http-nio-8081"]
2022-05-20 18:40:08.818 [main] INFO  org.apache.catalina.core.StandardService:  Starting service [Tomcat]
2022-05-20 18:40:08.819 [main] INFO  org.apache.catalina.core.StandardEngine:  Starting Servlet engine: [Apache Tomcat/9.0.58]
2022-05-20 18:40:08.884 [main] INFO  o.a.c.core.ContainerBase.[Tomcat].[localhost].[/]:  Initializing Spring embedded WebApplicationContext
2022-05-20 18:40:08.884 [main] INFO  o.s.b.w.s.c.ServletWebServerApplicationContext:  Root WebApplicationContext: initialization completed in 963 ms
2022-05-20 18:40:08.972 [main] INFO  org.mongodb.driver.cluster:  Cluster created with settings {hosts=[10.248.50.224:27017], mode=SINGLE, requiredClusterType=UNKNOWN, serverSelectionTimeout='30000 ms'}
2022-05-20 18:40:09.066 [cluster-rtt-ClusterId{value='628770089bf9132082bdae45', description='null'}-10.248.50.224:27017] INFO  org.mongodb.driver.connection:  Opened connection [connectionId{localValue:1, serverValue:3842}] to 10.248.50.224:27017
2022-05-20 18:40:09.066 [cluster-ClusterId{value='628770089bf9132082bdae45', description='null'}-10.248.50.224:27017] INFO  org.mongodb.driver.connection:  Opened connection [connectionId{localValue:2, serverValue:3841}] to 10.248.50.224:27017
2022-05-20 18:40:09.067 [cluster-ClusterId{value='628770089bf9132082bdae45', description='null'}-10.248.50.224:27017] INFO  org.mongodb.driver.cluster:  Monitor thread successfully connected to server with description ServerDescription{address=10.248.50.224:27017, type=STANDALONE, state=CONNECTED, ok=true, minWireVersion=0, maxWireVersion=9, maxDocumentSize=16777216, logicalSessionTimeoutMinutes=30, roundTripTimeNanos=69188582}
2022-05-20 18:40:09.230 [main] INFO  com.example.springdemo.config.RedisSentinelConfig:  sentinel master: [crm]
2022-05-20 18:40:09.231 [main] INFO  com.example.springdemo.config.RedisSentinelConfig:  10.248.50.223:13001
2022-05-20 18:40:09.231 [main] INFO  com.example.springdemo.config.RedisSentinelConfig:  10.248.50.224:13002
2022-05-20 18:40:09.233 [main] INFO  com.example.springdemo.config.RedisSentinelConfig:  LettuceConnectionFactorySentinel bean created
2022-05-20 18:40:09.370 [main] INFO  com.example.springdemo.config.RedisSentinelConfig:  StringRedisTemplateSentinel bean created
2022-05-20 18:40:09.656 [main] INFO  org.apache.coyote.http11.Http11NioProtocol:  Starting ProtocolHandler ["http-nio-8081"]
2022-05-20 18:40:09.679 [main] INFO  o.s.boot.web.embedded.tomcat.TomcatWebServer:  Tomcat started on port(s): 8081 (http) with context path ''
2022-05-20 18:40:09.687 [main] INFO  com.example.springdemo.SpringDemoApplication:  Started SpringDemoApplication in 2.166 seconds (JVM running for 2.615)
2022-05-20 18:40:34.114 [http-nio-8081-exec-1] INFO  o.a.c.core.ContainerBase.[Tomcat].[localhost].[/]:  Initializing Spring DispatcherServlet 'dispatcherServlet'
2022-05-20 18:40:34.114 [http-nio-8081-exec-1] INFO  org.springframework.web.servlet.DispatcherServlet:  Initializing Servlet 'dispatcherServlet'
2022-05-20 18:40:34.115 [http-nio-8081-exec-1] INFO  org.springframework.web.servlet.DispatcherServlet:  Completed initialization in 1 ms
2022-05-20 18:40:34.153 [http-nio-8081-exec-1] WARN  o.s.w.s.m.support.DefaultHandlerExceptionResolver:  Resolved [org.springframework.web.HttpMediaTypeNotSupportedException: Content type 'application/x-www-form-urlencoded;charset=UTF-8' not supported]
2022-05-20 18:41:46.523 [http-nio-8081-exec-5] WARN  o.s.w.s.m.support.DefaultHandlerExceptionResolver:  Resolved [org.springframework.web.HttpMediaTypeNotSupportedException: Content type 'application/x-www-form-urlencoded;charset=UTF-8' not supported]
2022-05-20 18:44:59.350 [cluster-ClusterId{value='628770089bf9132082bdae45', description='null'}-10.248.50.224:27017] INFO  org.mongodb.driver.cluster:  Exception in monitor thread while connecting to server 10.248.50.224:27017
com.mongodb.MongoSocketReadTimeoutException: Timeout while receiving message
	at com.mongodb.internal.connection.InternalStreamConnection.translateReadException(InternalStreamConnection.java:701)
	at com.mongodb.internal.connection.InternalStreamConnection.receiveMessageWithAdditionalTimeout(InternalStreamConnection.java:579)
	at com.mongodb.internal.connection.InternalStreamConnection.receiveCommandMessageResponse(InternalStreamConnection.java:415)
	at com.mongodb.internal.connection.InternalStreamConnection.receive(InternalStreamConnection.java:374)
	at com.mongodb.internal.connection.DefaultServerMonitor$ServerMonitorRunnable.lookupServerDescription(DefaultServerMonitor.java:216)
	at com.mongodb.internal.connection.DefaultServerMonitor$ServerMonitorRunnable.run(DefaultServerMonitor.java:152)
	at java.lang.Thread.run(Thread.java:748)
Caused by: java.net.SocketTimeoutException: Read timed out
	at java.net.SocketInputStream.socketRead0(Native Method)
	at java.net.SocketInputStream.socketRead(SocketInputStream.java:116)
	at java.net.SocketInputStream.read(SocketInputStream.java:171)
	at java.net.SocketInputStream.read(SocketInputStream.java:141)
	at com.mongodb.internal.connection.SocketStream.read(SocketStream.java:109)
	at com.mongodb.internal.connection.SocketStream.read(SocketStream.java:131)
	at com.mongodb.internal.connection.InternalStreamConnection.receiveResponseBuffers(InternalStreamConnection.java:718)
	at com.mongodb.internal.connection.InternalStreamConnection.receiveMessageWithAdditionalTimeout(InternalStreamConnection.java:576)
	... 5 common frames omitted
2022-05-20 18:45:07.376 [cluster-ClusterId{value='628770089bf9132082bdae45', description='null'}-10.248.50.224:27017] INFO  org.mongodb.driver.cluster:  Exception in monitor thread while connecting to server 10.248.50.224:27017
com.mongodb.MongoSocketReadException: Exception receiving message
	at com.mongodb.internal.connection.InternalStreamConnection.translateReadException(InternalStreamConnection.java:707)
	at com.mongodb.internal.connection.InternalStreamConnection.receiveMessageWithAdditionalTimeout(InternalStreamConnection.java:579)
	at com.mongodb.internal.connection.InternalStreamConnection.receiveCommandMessageResponse(InternalStreamConnection.java:415)
	at com.mongodb.internal.connection.InternalStreamConnection.sendAndReceive(InternalStreamConnection.java:342)
	at com.mongodb.internal.connection.CommandHelper.sendAndReceive(CommandHelper.java:96)
	at com.mongodb.internal.connection.CommandHelper.executeCommand(CommandHelper.java:44)
	at com.mongodb.internal.connection.InternalStreamConnectionInitializer.initializeConnectionDescription(InternalStreamConnectionInitializer.java:131)
	at com.mongodb.internal.connection.InternalStreamConnectionInitializer.startHandshake(InternalStreamConnectionInitializer.java:73)
	at com.mongodb.internal.connection.InternalStreamConnection.open(InternalStreamConnection.java:182)
	at com.mongodb.internal.connection.DefaultServerMonitor$ServerMonitorRunnable.lookupServerDescription(DefaultServerMonitor.java:188)
	at com.mongodb.internal.connection.DefaultServerMonitor$ServerMonitorRunnable.run(DefaultServerMonitor.java:152)
	at java.lang.Thread.run(Thread.java:748)
Caused by: java.net.SocketException: Connection reset
	at java.net.SocketInputStream.read(SocketInputStream.java:210)
	at java.net.SocketInputStream.read(SocketInputStream.java:141)
	at com.mongodb.internal.connection.SocketStream.read(SocketStream.java:109)
	at com.mongodb.internal.connection.SocketStream.read(SocketStream.java:131)
	at com.mongodb.internal.connection.InternalStreamConnection.receiveResponseBuffers(InternalStreamConnection.java:718)
	at com.mongodb.internal.connection.InternalStreamConnection.receiveMessageWithAdditionalTimeout(InternalStreamConnection.java:576)
	... 10 common frames omitted
2022-05-20 18:45:27.388 [cluster-ClusterId{value='628770089bf9132082bdae45', description='null'}-10.248.50.224:27017] INFO  org.mongodb.driver.cluster:  Exception in monitor thread while connecting to server 10.248.50.224:27017
com.mongodb.MongoSocketReadTimeoutException: Timeout while receiving message
	at com.mongodb.internal.connection.InternalStreamConnection.translateReadException(InternalStreamConnection.java:701)
	at com.mongodb.internal.connection.InternalStreamConnection.receiveMessageWithAdditionalTimeout(InternalStreamConnection.java:579)
	at com.mongodb.internal.connection.InternalStreamConnection.receiveCommandMessageResponse(InternalStreamConnection.java:415)
	at com.mongodb.internal.connection.InternalStreamConnection.sendAndReceive(InternalStreamConnection.java:342)
	at com.mongodb.internal.connection.CommandHelper.sendAndReceive(CommandHelper.java:96)
	at com.mongodb.internal.connection.CommandHelper.executeCommand(CommandHelper.java:44)
	at com.mongodb.internal.connection.InternalStreamConnectionInitializer.initializeConnectionDescription(InternalStreamConnectionInitializer.java:131)
	at com.mongodb.internal.connection.InternalStreamConnectionInitializer.startHandshake(InternalStreamConnectionInitializer.java:73)
	at com.mongodb.internal.connection.InternalStreamConnection.open(InternalStreamConnection.java:182)
	at com.mongodb.internal.connection.DefaultServerMonitor$ServerMonitorRunnable.lookupServerDescription(DefaultServerMonitor.java:188)
	at com.mongodb.internal.connection.DefaultServerMonitor$ServerMonitorRunnable.run(DefaultServerMonitor.java:152)
	at java.lang.Thread.run(Thread.java:748)
Caused by: java.net.SocketTimeoutException: Read timed out
	at java.net.SocketInputStream.socketRead0(Native Method)
	at java.net.SocketInputStream.socketRead(SocketInputStream.java:116)
	at java.net.SocketInputStream.read(SocketInputStream.java:171)
	at java.net.SocketInputStream.read(SocketInputStream.java:141)
	at com.mongodb.internal.connection.SocketStream.read(SocketStream.java:109)
	at com.mongodb.internal.connection.SocketStream.read(SocketStream.java:131)
	at com.mongodb.internal.connection.InternalStreamConnection.receiveResponseBuffers(InternalStreamConnection.java:718)
	at com.mongodb.internal.connection.InternalStreamConnection.receiveMessageWithAdditionalTimeout(InternalStreamConnection.java:576)
	... 10 common frames omitted
