2022-06-14 19:52:12.926 [main] INFO  com.example.springdemo.SpringDemoApplication:  Starting SpringDemoApplication using Java 1.8.0_131 on localhost with PID 8815 (/Users/raoqingjia/WebstormProjects/project_private/spring-demo/target/classes started by raoqingjia in /Users/raoqingjia/WebstormProjects/project_private/spring-demo)
2022-06-14 19:52:12.930 [main] INFO  com.example.springdemo.SpringDemoApplication:  No active profile set, falling back to 1 default profile: "default"
2022-06-14 19:52:13.624 [main] INFO  o.s.d.r.config.RepositoryConfigurationDelegate:  Multiple Spring Data modules found, entering strict repository configuration mode!
2022-06-14 19:52:13.624 [main] INFO  o.s.d.r.config.RepositoryConfigurationDelegate:  Bootstrapping Spring Data MongoDB repositories in DEFAULT mode.
2022-06-14 19:52:13.635 [main] INFO  o.s.d.r.config.RepositoryConfigurationDelegate:  Finished Spring Data repository scanning in 6 ms. Found 0 MongoDB repository interfaces.
2022-06-14 19:52:13.648 [main] INFO  o.s.d.r.config.RepositoryConfigurationDelegate:  Multiple Spring Data modules found, entering strict repository configuration mode!
2022-06-14 19:52:13.649 [main] INFO  o.s.d.r.config.RepositoryConfigurationDelegate:  Bootstrapping Spring Data Redis repositories in DEFAULT mode.
2022-06-14 19:52:13.661 [main] INFO  o.s.d.r.config.RepositoryConfigurationDelegate:  Finished Spring Data repository scanning in 3 ms. Found 0 Redis repository interfaces.
2022-06-14 19:52:14.106 [main] INFO  o.s.boot.web.embedded.tomcat.TomcatWebServer:  Tomcat initialized with port(s): 8081 (http)
2022-06-14 19:52:14.113 [main] INFO  org.apache.coyote.http11.Http11NioProtocol:  Initializing ProtocolHandler ["http-nio-8081"]
2022-06-14 19:52:14.114 [main] INFO  org.apache.catalina.core.StandardService:  Starting service [Tomcat]
2022-06-14 19:52:14.114 [main] INFO  org.apache.catalina.core.StandardEngine:  Starting Servlet engine: [Apache Tomcat/9.0.58]
2022-06-14 19:52:14.174 [main] INFO  o.a.c.core.ContainerBase.[Tomcat].[localhost].[/]:  Initializing Spring embedded WebApplicationContext
2022-06-14 19:52:14.175 [main] INFO  o.s.b.w.s.c.ServletWebServerApplicationContext:  Root WebApplicationContext: initialization completed in 1206 ms
2022-06-14 19:52:14.297 [main] INFO  org.mongodb.driver.cluster:  Cluster created with settings {hosts=[10.248.50.224:27017], mode=SINGLE, requiredClusterType=UNKNOWN, serverSelectionTimeout='30000 ms'}
2022-06-14 19:52:14.438 [cluster-ClusterId{value='62a8766ee57b254c023dcde8', description='null'}-10.248.50.224:27017] INFO  org.mongodb.driver.connection:  Opened connection [connectionId{localValue:1, serverValue:4385}] to 10.248.50.224:27017
2022-06-14 19:52:14.438 [cluster-rtt-ClusterId{value='62a8766ee57b254c023dcde8', description='null'}-10.248.50.224:27017] INFO  org.mongodb.driver.connection:  Opened connection [connectionId{localValue:2, serverValue:4386}] to 10.248.50.224:27017
2022-06-14 19:52:14.438 [cluster-ClusterId{value='62a8766ee57b254c023dcde8', description='null'}-10.248.50.224:27017] INFO  org.mongodb.driver.cluster:  Monitor thread successfully connected to server with description ServerDescription{address=10.248.50.224:27017, type=STANDALONE, state=CONNECTED, ok=true, minWireVersion=0, maxWireVersion=9, maxDocumentSize=16777216, logicalSessionTimeoutMinutes=30, roundTripTimeNanos=111283383}
2022-06-14 19:52:14.572 [main] INFO  com.example.springdemo.config.RedisSentinelConfig:  sentinel master: [crm]
2022-06-14 19:52:14.572 [main] INFO  com.example.springdemo.config.RedisSentinelConfig:  10.248.50.223:13001
2022-06-14 19:52:14.572 [main] INFO  com.example.springdemo.config.RedisSentinelConfig:  10.248.50.224:13002
2022-06-14 19:52:14.576 [main] INFO  com.example.springdemo.config.RedisSentinelConfig:  LettuceConnectionFactorySentinel bean created
2022-06-14 19:52:14.747 [main] INFO  com.example.springdemo.config.RedisSentinelConfig:  StringRedisTemplateSentinel bean created
2022-06-14 19:52:14.904 [main] INFO  c.example.springdemo.config.DatasourceConfigMysql:  SqlSessionFactoryMysql obtained
2022-06-14 19:52:15.319 [main] INFO  org.apache.coyote.http11.Http11NioProtocol:  Starting ProtocolHandler ["http-nio-8081"]
2022-06-14 19:52:15.341 [main] INFO  o.s.boot.web.embedded.tomcat.TomcatWebServer:  Tomcat started on port(s): 8081 (http) with context path ''
2022-06-14 19:52:15.351 [main] INFO  com.example.springdemo.SpringDemoApplication:  Started SpringDemoApplication in 2.94 seconds (JVM running for 3.491)
2022-06-14 19:52:44.593 [http-nio-8081-exec-1] INFO  o.a.c.core.ContainerBase.[Tomcat].[localhost].[/]:  Initializing Spring DispatcherServlet 'dispatcherServlet'
2022-06-14 19:52:44.593 [http-nio-8081-exec-1] INFO  org.springframework.web.servlet.DispatcherServlet:  Initializing Servlet 'dispatcherServlet'
2022-06-14 19:52:44.594 [http-nio-8081-exec-1] INFO  org.springframework.web.servlet.DispatcherServlet:  Completed initialization in 1 ms
2022-06-14 19:52:44.625 [http-nio-8081-exec-1] INFO  com.zaxxer.hikari.HikariDataSource:  HikariPool-1 - Starting...
2022-06-14 19:52:44.626 [http-nio-8081-exec-1] WARN  com.zaxxer.hikari.util.DriverDataSource:  Registered driver with driverClassName=com.mysql.jdbc.Driver was not found, trying direct instantiation.
2022-06-14 19:52:45.117 [http-nio-8081-exec-1] INFO  com.zaxxer.hikari.HikariDataSource:  HikariPool-1 - Start completed.
2022-06-14 19:52:45.220 [http-nio-8081-exec-1] ERROR o.a.c.c.C.[.[localhost].[/].[dispatcherServlet]:  Servlet.service() for servlet [dispatcherServlet] in context with path [] threw exception [Request processing failed; nested exception is org.springframework.jdbc.BadSqlGrammarException: 
### Error querying database.  Cause: java.sql.SQLSyntaxErrorException: Table 'abs_shaprm.shaprm_country' doesn't exist
### The error may exist in file [/Users/raoqingjia/WebstormProjects/project_private/spring-demo/target/classes/mapper/shparm/locationMapper.xml]
### The error may involve defaultParameterMap
### The error occurred while setting parameters
### SQL: select countryid,                countryname,                countrynumber,                cityname,                citynumber,                create_time         from abs_shaprm.shaprm_country  order by countrynumber
### Cause: java.sql.SQLSyntaxErrorException: Table 'abs_shaprm.shaprm_country' doesn't exist
; bad SQL grammar []; nested exception is java.sql.SQLSyntaxErrorException: Table 'abs_shaprm.shaprm_country' doesn't exist] with root cause
java.sql.SQLSyntaxErrorException: Table 'abs_shaprm.shaprm_country' doesn't exist
	at com.mysql.cj.jdbc.exceptions.SQLError.createSQLException(SQLError.java:120)
	at com.mysql.cj.jdbc.exceptions.SQLExceptionsMapping.translateException(SQLExceptionsMapping.java:122)
	at com.mysql.cj.jdbc.ClientPreparedStatement.executeInternal(ClientPreparedStatement.java:953)
	at com.mysql.cj.jdbc.ClientPreparedStatement.execute(ClientPreparedStatement.java:371)
	at com.zaxxer.hikari.pool.ProxyPreparedStatement.execute(ProxyPreparedStatement.java:44)
	at com.zaxxer.hikari.pool.HikariProxyPreparedStatement.execute(HikariProxyPreparedStatement.java)
	at org.apache.ibatis.executor.statement.PreparedStatementHandler.query(PreparedStatementHandler.java:64)
	at org.apache.ibatis.executor.statement.RoutingStatementHandler.query(RoutingStatementHandler.java:79)
	at org.apache.ibatis.executor.SimpleExecutor.doQuery(SimpleExecutor.java:63)
	at org.apache.ibatis.executor.BaseExecutor.queryFromDatabase(BaseExecutor.java:325)
	at org.apache.ibatis.executor.BaseExecutor.query(BaseExecutor.java:156)
	at org.apache.ibatis.executor.CachingExecutor.query(CachingExecutor.java:109)
	at org.apache.ibatis.executor.CachingExecutor.query(CachingExecutor.java:89)
	at org.apache.ibatis.session.defaults.DefaultSqlSession.selectList(DefaultSqlSession.java:151)
	at org.apache.ibatis.session.defaults.DefaultSqlSession.selectList(DefaultSqlSession.java:145)
	at org.apache.ibatis.session.defaults.DefaultSqlSession.selectList(DefaultSqlSession.java:140)
	at sun.reflect.NativeMethodAccessorImpl.invoke0(Native Method)
	at sun.reflect.NativeMethodAccessorImpl.invoke(NativeMethodAccessorImpl.java:62)
	at sun.reflect.DelegatingMethodAccessorImpl.invoke(DelegatingMethodAccessorImpl.java:43)
	at java.lang.reflect.Method.invoke(Method.java:498)
	at org.mybatis.spring.SqlSessionTemplate$SqlSessionInterceptor.invoke(SqlSessionTemplate.java:427)
	at com.sun.proxy.$Proxy72.selectList(Unknown Source)
	at org.mybatis.spring.SqlSessionTemplate.selectList(SqlSessionTemplate.java:224)
	at org.apache.ibatis.binding.MapperMethod.executeForMany(MapperMethod.java:147)
	at org.apache.ibatis.binding.MapperMethod.execute(MapperMethod.java:80)
	at org.apache.ibatis.binding.MapperProxy$PlainMethodInvoker.invoke(MapperProxy.java:145)
	at org.apache.ibatis.binding.MapperProxy.invoke(MapperProxy.java:86)
	at com.sun.proxy.$Proxy73.selectCountryList(Unknown Source)
	at com.example.springdemo.service.impl.ShaprmService.selectCountry(ShaprmService.java:18)
	at com.example.springdemo.controller.ShaprmController.selectCountry(ShaprmController.java:24)
	at sun.reflect.NativeMethodAccessorImpl.invoke0(Native Method)
	at sun.reflect.NativeMethodAccessorImpl.invoke(NativeMethodAccessorImpl.java:62)
	at sun.reflect.DelegatingMethodAccessorImpl.invoke(DelegatingMethodAccessorImpl.java:43)
	at java.lang.reflect.Method.invoke(Method.java:498)
	at org.springframework.web.method.support.InvocableHandlerMethod.doInvoke(InvocableHandlerMethod.java:205)
	at org.springframework.web.method.support.InvocableHandlerMethod.invokeForRequest(InvocableHandlerMethod.java:150)
	at org.springframework.web.servlet.mvc.method.annotation.ServletInvocableHandlerMethod.invokeAndHandle(ServletInvocableHandlerMethod.java:117)
	at org.springframework.web.servlet.mvc.method.annotation.RequestMappingHandlerAdapter.invokeHandlerMethod(RequestMappingHandlerAdapter.java:895)
	at org.springframework.web.servlet.mvc.method.annotation.RequestMappingHandlerAdapter.handleInternal(RequestMappingHandlerAdapter.java:808)
	at org.springframework.web.servlet.mvc.method.AbstractHandlerMethodAdapter.handle(AbstractHandlerMethodAdapter.java:87)
	at org.springframework.web.servlet.DispatcherServlet.doDispatch(DispatcherServlet.java:1067)
	at org.springframework.web.servlet.DispatcherServlet.doService(DispatcherServlet.java:963)
	at org.springframework.web.servlet.FrameworkServlet.processRequest(FrameworkServlet.java:1006)
	at org.springframework.web.servlet.FrameworkServlet.doGet(FrameworkServlet.java:898)
	at javax.servlet.http.HttpServlet.service(HttpServlet.java:655)
	at org.springframework.web.servlet.FrameworkServlet.service(FrameworkServlet.java:883)
	at javax.servlet.http.HttpServlet.service(HttpServlet.java:764)
	at org.apache.catalina.core.ApplicationFilterChain.internalDoFilter(ApplicationFilterChain.java:227)
	at org.apache.catalina.core.ApplicationFilterChain.doFilter(ApplicationFilterChain.java:162)
	at org.apache.tomcat.websocket.server.WsFilter.doFilter(WsFilter.java:53)
	at org.apache.catalina.core.ApplicationFilterChain.internalDoFilter(ApplicationFilterChain.java:189)
	at org.apache.catalina.core.ApplicationFilterChain.doFilter(ApplicationFilterChain.java:162)
	at org.springframework.web.filter.RequestContextFilter.doFilterInternal(RequestContextFilter.java:100)
	at org.springframework.web.filter.OncePerRequestFilter.doFilter(OncePerRequestFilter.java:117)
	at org.apache.catalina.core.ApplicationFilterChain.internalDoFilter(ApplicationFilterChain.java:189)
	at org.apache.catalina.core.ApplicationFilterChain.doFilter(ApplicationFilterChain.java:162)
	at org.springframework.web.filter.FormContentFilter.doFilterInternal(FormContentFilter.java:93)
	at org.springframework.web.filter.OncePerRequestFilter.doFilter(OncePerRequestFilter.java:117)
	at org.apache.catalina.core.ApplicationFilterChain.internalDoFilter(ApplicationFilterChain.java:189)
	at org.apache.catalina.core.ApplicationFilterChain.doFilter(ApplicationFilterChain.java:162)
	at org.springframework.web.filter.CharacterEncodingFilter.doFilterInternal(CharacterEncodingFilter.java:201)
	at org.springframework.web.filter.OncePerRequestFilter.doFilter(OncePerRequestFilter.java:117)
	at org.apache.catalina.core.ApplicationFilterChain.internalDoFilter(ApplicationFilterChain.java:189)
	at org.apache.catalina.core.ApplicationFilterChain.doFilter(ApplicationFilterChain.java:162)
	at org.apache.catalina.core.StandardWrapperValve.invoke(StandardWrapperValve.java:197)
	at org.apache.catalina.core.StandardContextValve.invoke(StandardContextValve.java:97)
	at org.apache.catalina.authenticator.AuthenticatorBase.invoke(AuthenticatorBase.java:540)
	at org.apache.catalina.core.StandardHostValve.invoke(StandardHostValve.java:135)
	at org.apache.catalina.valves.ErrorReportValve.invoke(ErrorReportValve.java:92)
	at org.apache.catalina.core.StandardEngineValve.invoke(StandardEngineValve.java:78)
	at org.apache.catalina.connector.CoyoteAdapter.service(CoyoteAdapter.java:359)
	at org.apache.coyote.http11.Http11Processor.service(Http11Processor.java:399)
	at org.apache.coyote.AbstractProcessorLight.process(AbstractProcessorLight.java:65)
	at org.apache.coyote.AbstractProtocol$ConnectionHandler.process(AbstractProtocol.java:889)
	at org.apache.tomcat.util.net.NioEndpoint$SocketProcessor.doRun(NioEndpoint.java:1735)
	at org.apache.tomcat.util.net.SocketProcessorBase.run(SocketProcessorBase.java:49)
	at org.apache.tomcat.util.threads.ThreadPoolExecutor.runWorker(ThreadPoolExecutor.java:1191)
	at org.apache.tomcat.util.threads.ThreadPoolExecutor$Worker.run(ThreadPoolExecutor.java:659)
	at org.apache.tomcat.util.threads.TaskThread$WrappingRunnable.run(TaskThread.java:61)
	at java.lang.Thread.run(Thread.java:748)
2022-06-14 19:55:07.547 [SpringApplicationShutdownHook] INFO  com.zaxxer.hikari.HikariDataSource:  HikariPool-1 - Shutdown initiated...
2022-06-14 19:55:07.554 [SpringApplicationShutdownHook] INFO  com.zaxxer.hikari.HikariDataSource:  HikariPool-1 - Shutdown completed.
2022-06-14 19:55:13.906 [main] INFO  com.example.springdemo.SpringDemoApplication:  Starting SpringDemoApplication using Java 1.8.0_131 on localhost with PID 8864 (/Users/raoqingjia/WebstormProjects/project_private/spring-demo/target/classes started by raoqingjia in /Users/raoqingjia/WebstormProjects/project_private/spring-demo)
2022-06-14 19:55:13.908 [main] INFO  com.example.springdemo.SpringDemoApplication:  No active profile set, falling back to 1 default profile: "default"
2022-06-14 19:55:14.449 [main] INFO  o.s.d.r.config.RepositoryConfigurationDelegate:  Multiple Spring Data modules found, entering strict repository configuration mode!
2022-06-14 19:55:14.450 [main] INFO  o.s.d.r.config.RepositoryConfigurationDelegate:  Bootstrapping Spring Data MongoDB repositories in DEFAULT mode.
2022-06-14 19:55:14.458 [main] INFO  o.s.d.r.config.RepositoryConfigurationDelegate:  Finished Spring Data repository scanning in 5 ms. Found 0 MongoDB repository interfaces.
2022-06-14 19:55:14.467 [main] INFO  o.s.d.r.config.RepositoryConfigurationDelegate:  Multiple Spring Data modules found, entering strict repository configuration mode!
2022-06-14 19:55:14.468 [main] INFO  o.s.d.r.config.RepositoryConfigurationDelegate:  Bootstrapping Spring Data Redis repositories in DEFAULT mode.
2022-06-14 19:55:14.476 [main] INFO  o.s.d.r.config.RepositoryConfigurationDelegate:  Finished Spring Data repository scanning in 2 ms. Found 0 Redis repository interfaces.
2022-06-14 19:55:14.830 [main] INFO  o.s.boot.web.embedded.tomcat.TomcatWebServer:  Tomcat initialized with port(s): 8081 (http)
2022-06-14 19:55:14.836 [main] INFO  org.apache.coyote.http11.Http11NioProtocol:  Initializing ProtocolHandler ["http-nio-8081"]
2022-06-14 19:55:14.836 [main] INFO  org.apache.catalina.core.StandardService:  Starting service [Tomcat]
2022-06-14 19:55:14.837 [main] INFO  org.apache.catalina.core.StandardEngine:  Starting Servlet engine: [Apache Tomcat/9.0.58]
2022-06-14 19:55:14.881 [main] INFO  o.a.c.core.ContainerBase.[Tomcat].[localhost].[/]:  Initializing Spring embedded WebApplicationContext
2022-06-14 19:55:14.882 [main] INFO  o.s.b.w.s.c.ServletWebServerApplicationContext:  Root WebApplicationContext: initialization completed in 942 ms
2022-06-14 19:55:14.963 [main] INFO  org.mongodb.driver.cluster:  Cluster created with settings {hosts=[10.248.50.224:27017], mode=SINGLE, requiredClusterType=UNKNOWN, serverSelectionTimeout='30000 ms'}
2022-06-14 19:55:15.106 [cluster-ClusterId{value='62a8772279650675379760c9', description='null'}-10.248.50.224:27017] INFO  org.mongodb.driver.connection:  Opened connection [connectionId{localValue:1, serverValue:4387}] to 10.248.50.224:27017
2022-06-14 19:55:15.106 [cluster-rtt-ClusterId{value='62a8772279650675379760c9', description='null'}-10.248.50.224:27017] INFO  org.mongodb.driver.connection:  Opened connection [connectionId{localValue:2, serverValue:4388}] to 10.248.50.224:27017
2022-06-14 19:55:15.107 [cluster-ClusterId{value='62a8772279650675379760c9', description='null'}-10.248.50.224:27017] INFO  org.mongodb.driver.cluster:  Monitor thread successfully connected to server with description ServerDescription{address=10.248.50.224:27017, type=STANDALONE, state=CONNECTED, ok=true, minWireVersion=0, maxWireVersion=9, maxDocumentSize=16777216, logicalSessionTimeoutMinutes=30, roundTripTimeNanos=120408475}
2022-06-14 19:55:15.202 [main] INFO  com.example.springdemo.config.RedisSentinelConfig:  sentinel master: [crm]
2022-06-14 19:55:15.203 [main] INFO  com.example.springdemo.config.RedisSentinelConfig:  10.248.50.223:13001
2022-06-14 19:55:15.203 [main] INFO  com.example.springdemo.config.RedisSentinelConfig:  10.248.50.224:13002
2022-06-14 19:55:15.206 [main] INFO  com.example.springdemo.config.RedisSentinelConfig:  LettuceConnectionFactorySentinel bean created
2022-06-14 19:55:15.324 [main] INFO  com.example.springdemo.config.RedisSentinelConfig:  StringRedisTemplateSentinel bean created
2022-06-14 19:55:15.457 [main] INFO  c.example.springdemo.config.DatasourceConfigMysql:  SqlSessionFactoryMysql obtained
2022-06-14 19:55:15.771 [main] INFO  org.apache.coyote.http11.Http11NioProtocol:  Starting ProtocolHandler ["http-nio-8081"]
2022-06-14 19:55:15.792 [main] INFO  o.s.boot.web.embedded.tomcat.TomcatWebServer:  Tomcat started on port(s): 8081 (http) with context path ''
2022-06-14 19:55:15.801 [main] INFO  com.example.springdemo.SpringDemoApplication:  Started SpringDemoApplication in 2.251 seconds (JVM running for 2.682)
2022-06-14 19:55:18.438 [http-nio-8081-exec-1] INFO  o.a.c.core.ContainerBase.[Tomcat].[localhost].[/]:  Initializing Spring DispatcherServlet 'dispatcherServlet'
2022-06-14 19:55:18.439 [http-nio-8081-exec-1] INFO  org.springframework.web.servlet.DispatcherServlet:  Initializing Servlet 'dispatcherServlet'
2022-06-14 19:55:18.440 [http-nio-8081-exec-1] INFO  org.springframework.web.servlet.DispatcherServlet:  Completed initialization in 1 ms
2022-06-14 19:55:18.466 [http-nio-8081-exec-1] INFO  com.zaxxer.hikari.HikariDataSource:  HikariPool-1 - Starting...
2022-06-14 19:55:18.467 [http-nio-8081-exec-1] WARN  com.zaxxer.hikari.util.DriverDataSource:  Registered driver with driverClassName=com.mysql.jdbc.Driver was not found, trying direct instantiation.
2022-06-14 19:55:18.876 [http-nio-8081-exec-1] INFO  com.zaxxer.hikari.HikariDataSource:  HikariPool-1 - Start completed.
